Using pre-set license
Built from '2021.3/staging' branch; Version is '2021.3.29f1 (204d6dc9ae1c) revision 2116973'; Using compiler version '192829333'; Build Type 'Release'
OS: 'Windows 11  (10.0.22631) 64bit Core' Language: 'en' Physical Memory: 16010 MB
BatchMode: 1, IsHumanControllingUs: 0, StartBugReporterOnCrash: 0, Is64bit: 1, IsPro: 1

COMMAND LINE ARGUMENTS:
C:\Program Files\Unity\Hub\Editor\2021.3.29f1\Editor\Unity.exe
-adb2
-batchMode
-noUpm
-name
AssetImportWorker11
-projectPath
C:/Users/demim/Github/Building-Playful-Worlds-2/Building Playful Worlds 2
-logFile
Logs/AssetImportWorker11.log
-srvPort
57918
Successfully changed project path to: C:/Users/demim/Github/Building-Playful-Worlds-2/Building Playful Worlds 2
C:/Users/demim/Github/Building-Playful-Worlds-2/Building Playful Worlds 2
[UnityMemory] Configuration Parameters - Can be set up in boot.config
    "memorysetup-bucket-allocator-granularity=16"
    "memorysetup-bucket-allocator-bucket-count=8"
    "memorysetup-bucket-allocator-block-size=33554432"
    "memorysetup-bucket-allocator-block-count=8"
    "memorysetup-main-allocator-block-size=16777216"
    "memorysetup-thread-allocator-block-size=16777216"
    "memorysetup-gfx-main-allocator-block-size=16777216"
    "memorysetup-gfx-thread-allocator-block-size=16777216"
    "memorysetup-cache-allocator-block-size=4194304"
    "memorysetup-typetree-allocator-block-size=2097152"
    "memorysetup-profiler-bucket-allocator-granularity=16"
    "memorysetup-profiler-bucket-allocator-bucket-count=8"
    "memorysetup-profiler-bucket-allocator-block-size=33554432"
    "memorysetup-profiler-bucket-allocator-block-count=8"
    "memorysetup-profiler-allocator-block-size=16777216"
    "memorysetup-profiler-editor-allocator-block-size=1048576"
    "memorysetup-temp-allocator-size-main=16777216"
    "memorysetup-job-temp-allocator-block-size=2097152"
    "memorysetup-job-temp-allocator-block-size-background=1048576"
    "memorysetup-job-temp-allocator-reduction-small-platforms=262144"
    "memorysetup-temp-allocator-size-background-worker=32768"
    "memorysetup-temp-allocator-size-job-worker=262144"
    "memorysetup-temp-allocator-size-preload-manager=33554432"
    "memorysetup-temp-allocator-size-nav-mesh-worker=65536"
    "memorysetup-temp-allocator-size-audio-worker=65536"
    "memorysetup-temp-allocator-size-cloud-worker=32768"
    "memorysetup-temp-allocator-size-gi-baking-worker=262144"
    "memorysetup-temp-allocator-size-gfx=262144"
Player connection [26852] Host "[IP] 10.3.26.32 [Port] 0 [Flags] 2 [Guid] 3336621108 [EditorId] 3336621108 [Version] 1048832 [Id] WindowsEditor(7,Lun) [Debug] 1 [PackageName] WindowsEditor [ProjectName] Editor" joined multi-casting on [225.0.0.222:54997]...

Player connection [26852] Host "[IP] 10.3.26.32 [Port] 0 [Flags] 2 [Guid] 3336621108 [EditorId] 3336621108 [Version] 1048832 [Id] WindowsEditor(7,Lun) [Debug] 1 [PackageName] WindowsEditor [ProjectName] Editor" joined alternative multi-casting on [225.0.0.222:34997]...

Refreshing native plugins compatible for Editor in 114.84 ms, found 3 plugins.
Preloading 0 native plugins for Editor in 0.00 ms.
Initialize engine version: 2021.3.29f1 (204d6dc9ae1c)
[Subsystems] Discovering subsystems at path C:/Program Files/Unity/Hub/Editor/2021.3.29f1/Editor/Data/Resources/UnitySubsystems
[Subsystems] Discovering subsystems at path C:/Users/demim/Github/Building-Playful-Worlds-2/Building Playful Worlds 2/Assets
GfxDevice: creating device client; threaded=0; jobified=0
Direct3D:
    Version:  Direct3D 11.0 [level 11.1]
    Renderer: NVIDIA GeForce RTX 3050 Laptop GPU (ID=0x25a2)
    Vendor:   NVIDIA
    VRAM:     3964 MB
    Driver:   31.0.15.5161
Initialize mono
Mono path[0] = 'C:/Program Files/Unity/Hub/Editor/2021.3.29f1/Editor/Data/Managed'
Mono path[1] = 'C:/Program Files/Unity/Hub/Editor/2021.3.29f1/Editor/Data/MonoBleedingEdge/lib/mono/unityjit-win32'
Mono config path = 'C:/Program Files/Unity/Hub/Editor/2021.3.29f1/Editor/Data/MonoBleedingEdge/etc'
Using monoOptions --debugger-agent=transport=dt_socket,embedding=1,server=y,suspend=n,address=127.0.0.1:56824
Begin MonoManager ReloadAssembly
Registering precompiled unity dll's ...
Register platform support module: C:/Program Files/Unity/Hub/Editor/2021.3.29f1/Editor/Data/PlaybackEngines/WebGLSupport/UnityEditor.WebGL.Extensions.dll
Register platform support module: C:/Program Files/Unity/Hub/Editor/2021.3.29f1/Editor/Data/PlaybackEngines/WindowsStandaloneSupport/UnityEditor.WindowsStandalone.Extensions.dll
Registered in 0.005827 seconds.
Native extension for WindowsStandalone target not found
Native extension for WebGL target not found
Refreshing native plugins compatible for Editor in 104.92 ms, found 3 plugins.
Preloading 0 native plugins for Editor in 0.00 ms.
Mono: successfully reloaded assembly
- Completed reload, in  0.846 seconds
Domain Reload Profiling:
	ReloadAssembly (846ms)
		BeginReloadAssembly (117ms)
			ExecutionOrderSort (0ms)
			DisableScriptedObjects (0ms)
			BackupInstance (0ms)
			ReleaseScriptingObjects (0ms)
			CreateAndSetChildDomain (1ms)
		EndReloadAssembly (593ms)
			LoadAssemblies (115ms)
			RebuildTransferFunctionScriptingTraits (0ms)
			SetupTypeCache (137ms)
			ReleaseScriptCaches (0ms)
			RebuildScriptCaches (35ms)
			SetupLoadedEditorAssemblies (354ms)
				LogAssemblyErrors (0ms)
				InitializePlatformSupportModulesInManaged (11ms)
				SetLoadedEditorAssemblies (0ms)
				RefreshPlugins (105ms)
				BeforeProcessingInitializeOnLoad (2ms)
				ProcessInitializeOnLoadAttributes (176ms)
				ProcessInitializeOnLoadMethodAttributes (60ms)
				AfterProcessingInitializeOnLoad (0ms)
				EditorAssembliesLoaded (0ms)
			ExecutionOrderSort2 (0ms)
			AwakeInstancesAfterBackupRestoration (0ms)
Platform modules already initialized, skipping
Registering precompiled user dll's ...
Registered in 0.004820 seconds.
Begin MonoManager ReloadAssembly
Symbol file LoadedFromMemory doesn't match image C:\Users\demim\Github\Building-Playful-Worlds-2\Building Playful Worlds 2\Library\PackageCache\com.unity.visualscripting@1.8.0\Editor\VisualScripting.Core\Dependencies\YamlDotNet\Unity.VisualScripting.YamlDotNet.dll
Symbol file LoadedFromMemory doesn't match image C:\Users\demim\Github\Building-Playful-Worlds-2\Building Playful Worlds 2\Library\PackageCache\com.unity.visualscripting@1.8.0\Editor\VisualScripting.Core\Dependencies\DotNetZip\Unity.VisualScripting.IonicZip.dll
Native extension for WindowsStandalone target not found
Native extension for WebGL target not found
Refreshing native plugins compatible for Editor in 96.50 ms, found 3 plugins.
Preloading 0 native plugins for Editor in 0.00 ms.
Mono: successfully reloaded assembly
- Completed reload, in 12.717 seconds
Domain Reload Profiling:
	ReloadAssembly (12718ms)
		BeginReloadAssembly (151ms)
			ExecutionOrderSort (0ms)
			DisableScriptedObjects (6ms)
			BackupInstance (0ms)
			ReleaseScriptingObjects (0ms)
			CreateAndSetChildDomain (25ms)
		EndReloadAssembly (12311ms)
			LoadAssemblies (9444ms)
			RebuildTransferFunctionScriptingTraits (0ms)
			SetupTypeCache (1669ms)
			ReleaseScriptCaches (1ms)
			RebuildScriptCaches (80ms)
			SetupLoadedEditorAssemblies (1077ms)
				LogAssemblyErrors (0ms)
				InitializePlatformSupportModulesInManaged (7ms)
				SetLoadedEditorAssemblies (0ms)
				RefreshPlugins (97ms)
				BeforeProcessingInitializeOnLoad (93ms)
				ProcessInitializeOnLoadAttributes (847ms)
				ProcessInitializeOnLoadMethodAttributes (24ms)
				AfterProcessingInitializeOnLoad (9ms)
				EditorAssembliesLoaded (0ms)
			ExecutionOrderSort2 (0ms)
			AwakeInstancesAfterBackupRestoration (10ms)
Platform modules already initialized, skipping
========================================================================
Worker process is ready to serve import requests
Launched and connected shader compiler UnityShaderCompiler.exe after 0.16 seconds
Refreshing native plugins compatible for Editor in 1.25 ms, found 3 plugins.
Preloading 0 native plugins for Editor in 0.00 ms.
Unloading 3563 Unused Serialized files (Serialized files now loaded: 0)
Unloading 69 unused Assets / (2.8 MB). Loaded Objects now: 4042.
Memory consumption went from 232.1 MB to 229.3 MB.
Total: 5.522600 ms (FindLiveObjects: 0.385500 ms CreateObjectMapping: 0.150600 ms MarkObjects: 3.954700 ms  DeleteObjects: 1.030200 ms)

AssetImportParameters requested are different than current active one (requested -> active):
  custom:video-decoder-ogg-theora: a1e56fd34408186e4bbccfd4996cb3dc -> 
  custom:container-muxer-webm: aa71ff27fc2769a1b78a27578f13a17b -> 
  custom:container-demuxer-webm: 4f35f7cbe854078d1ac9338744f61a02 -> 
  custom:video-encoder-webm-vp8: eb34c28f22e8b96e1ab97ce403110664 -> 
  custom:CustomObjectIndexerAttribute: bc11b3a6c3213fcdd17b65e7da85e133 -> 
  custom:audio-encoder-webm-vorbis: bf7c407c2cedff20999df2af8eb42d56 -> 
  custom:framework-win-MediaFoundation: 216162199b28c13a410421893ffa2e32 -> 
  custom:container-demuxer-ogg: 62fdf1f143b41e24485cea50d1cbac27 -> 
  custom:video-decoder-webm-vp8: 9c59270c3fd7afecdb556c50c9e8de78 -> 
  custom:audio-decoder-ogg-vorbis: bf7c407c2cedff20999df2af8eb42d56 -> 
========================================================================
Received Import Request.
  Time since last request: 511752.281451 seconds.
  path: Assets/simple_low_poly_village_buildings/models/hay1.prefab
  artifactKey: Guid(2f7a0b013393a184a99c366b78663a50) Importer(815301076,1909f56bfc062723c751e8b465ee728b)
Start importing Assets/simple_low_poly_village_buildings/models/hay1.prefab using Guid(2f7a0b013393a184a99c366b78663a50) Importer(815301076,1909f56bfc062723c751e8b465ee728b)  -> (artifact id: '728df418631f3f1961f452707a71bc00') in 0.320578 seconds 
========================================================================
Received Import Request.
  Time since last request: 0.000035 seconds.
  path: Assets/simple_low_poly_village_buildings/models/farm_house_lvl5.prefab
  artifactKey: Guid(85725236ec9751e4b95ca6e9b1a46845) Importer(815301076,1909f56bfc062723c751e8b465ee728b)
Start importing Assets/simple_low_poly_village_buildings/models/farm_house_lvl5.prefab using Guid(85725236ec9751e4b95ca6e9b1a46845) Importer(815301076,1909f56bfc062723c751e8b465ee728b)  -> (artifact id: '24fb9d4a81b244e112f6503217413c90') in 0.222525 seconds 
========================================================================
Received Import Request.
  Time since last request: 0.000045 seconds.
  path: Assets/simple_low_poly_village_buildings/models/tower_lvl3.prefab
  artifactKey: Guid(4be703f0d1af24046be6c443f26fdb76) Importer(815301076,1909f56bfc062723c751e8b465ee728b)
Start importing Assets/simple_low_poly_village_buildings/models/tower_lvl3.prefab using Guid(4be703f0d1af24046be6c443f26fdb76) Importer(815301076,1909f56bfc062723c751e8b465ee728b)  -> (artifact id: 'd2ba701134b2d86b56675f08119b3486') in 0.124948 seconds 
========================================================================
Received Import Request.
  Time since last request: 0.000091 seconds.
  path: Assets/simple_low_poly_village_buildings/models/farm_house_lvl2.prefab
  artifactKey: Guid(65ead04d94056194d871a15a66397d18) Importer(815301076,1909f56bfc062723c751e8b465ee728b)
Start importing Assets/simple_low_poly_village_buildings/models/farm_house_lvl2.prefab using Guid(65ead04d94056194d871a15a66397d18) Importer(815301076,1909f56bfc062723c751e8b465ee728b)  -> (artifact id: '95bd7658f015860a350b001901fc1972') in 0.058888 seconds 
========================================================================
Received Import Request.
  Time since last request: 0.000045 seconds.
  path: Assets/simple_low_poly_village_buildings/models/house_lvl2.prefab
  artifactKey: Guid(ac0b22805df58234496f0937058a3812) Importer(815301076,1909f56bfc062723c751e8b465ee728b)
Start importing Assets/simple_low_poly_village_buildings/models/house_lvl2.prefab using Guid(ac0b22805df58234496f0937058a3812) Importer(815301076,1909f56bfc062723c751e8b465ee728b)  -> (artifact id: '0c90e081dbd1029c78b3925771a7c5b8') in 0.050923 seconds 
========================================================================
Received Import Request.
  Time since last request: 0.000037 seconds.
  path: Assets/simple_low_poly_village_buildings/models/grass2.prefab
  artifactKey: Guid(9d5edf715a453f9499936596a54aa7cc) Importer(815301076,1909f56bfc062723c751e8b465ee728b)
Start importing Assets/simple_low_poly_village_buildings/models/grass2.prefab using Guid(9d5edf715a453f9499936596a54aa7cc) Importer(815301076,1909f56bfc062723c751e8b465ee728b)  -> (artifact id: '354910cd6b8f1dad0ea603b476a3982e') in 0.051255 seconds 
========================================================================
Received Import Request.
  Time since last request: 0.000023 seconds.
  path: Assets/Models/Characters/PolyAngel_Space Pack/Prefabs/Missile Space Launcher 01.prefab
  artifactKey: Guid(6a43582621dfc47ac9b2e699fe642a7f) Importer(815301076,1909f56bfc062723c751e8b465ee728b)
Start importing Assets/Models/Characters/PolyAngel_Space Pack/Prefabs/Missile Space Launcher 01.prefab using Guid(6a43582621dfc47ac9b2e699fe642a7f) Importer(815301076,1909f56bfc062723c751e8b465ee728b)  -> (artifact id: '01419747d383489e68a566730aa3ab44') in 0.069240 seconds 
========================================================================
Received Import Request.
  Time since last request: 0.000052 seconds.
  path: Assets/simple_low_poly_village_buildings/models
  artifactKey: Guid(2e6a53aa20b7de6409d46b7cf3d73434) Importer(815301076,1909f56bfc062723c751e8b465ee728b)
Start importing Assets/simple_low_poly_village_buildings/models using Guid(2e6a53aa20b7de6409d46b7cf3d73434) Importer(815301076,1909f56bfc062723c751e8b465ee728b)  -> (artifact id: '41c424438bf0084e4e15521bbddd11d6') in 0.035634 seconds 
========================================================================
Received Import Request.
  Time since last request: 0.000048 seconds.
  path: Assets/Models/Characters/PolyAngel_Space Pack/Prefabs/Launching Pad03.prefab
  artifactKey: Guid(07226bdad6ac4498d840db4be444c5fa) Importer(815301076,1909f56bfc062723c751e8b465ee728b)
Start importing Assets/Models/Characters/PolyAngel_Space Pack/Prefabs/Launching Pad03.prefab using Guid(07226bdad6ac4498d840db4be444c5fa) Importer(815301076,1909f56bfc062723c751e8b465ee728b)  -> (artifact id: 'd2aaa1a85613c1ff6faeda2d9f6e63a1') in 0.043889 seconds 
========================================================================
Received Import Request.
  Time since last request: 0.000033 seconds.
  path: Assets/Models/Characters/PolyAngel_Space Pack/Prefabs/Rocket.06.prefab
  artifactKey: Guid(96d610b33c0a54388a3397c771ed62bf) Importer(815301076,1909f56bfc062723c751e8b465ee728b)
Start importing Assets/Models/Characters/PolyAngel_Space Pack/Prefabs/Rocket.06.prefab using Guid(96d610b33c0a54388a3397c771ed62bf) Importer(815301076,1909f56bfc062723c751e8b465ee728b)  -> (artifact id: 'd34231ade1d23630eb4e8e638c7c510b') in 0.047349 seconds 
========================================================================
Received Import Request.
  Time since last request: 0.000048 seconds.
  path: Assets/simple_low_poly_village_buildings/models/farm_lvl1.prefab
  artifactKey: Guid(8f99e841dd173bf418e8d3d841ec7686) Importer(815301076,1909f56bfc062723c751e8b465ee728b)
Start importing Assets/simple_low_poly_village_buildings/models/farm_lvl1.prefab using Guid(8f99e841dd173bf418e8d3d841ec7686) Importer(815301076,1909f56bfc062723c751e8b465ee728b)  -> (artifact id: '4df9ca26a95230b8562868b5ff52d0f4') in 0.062221 seconds 
========================================================================
Received Import Request.
  Time since last request: 0.000038 seconds.
  path: Assets/simple_low_poly_village_buildings/models/farm_lvl2.prefab
  artifactKey: Guid(2f730ac7abafbbb4a87d4d03cbe47846) Importer(815301076,1909f56bfc062723c751e8b465ee728b)
Start importing Assets/simple_low_poly_village_buildings/models/farm_lvl2.prefab using Guid(2f730ac7abafbbb4a87d4d03cbe47846) Importer(815301076,1909f56bfc062723c751e8b465ee728b)  -> (artifact id: '672c333ec7d3905bf8547bb3db864909') in 0.055444 seconds 
========================================================================
Received Import Request.
  Time since last request: 0.000028 seconds.
  path: Assets/simple_low_poly_village_buildings/models/house_lvl7.prefab
  artifactKey: Guid(e3fdc4200313b5e43973175595f50a82) Importer(815301076,1909f56bfc062723c751e8b465ee728b)
Start importing Assets/simple_low_poly_village_buildings/models/house_lvl7.prefab using Guid(e3fdc4200313b5e43973175595f50a82) Importer(815301076,1909f56bfc062723c751e8b465ee728b)  -> (artifact id: '855ec36a0975adfe3390a32e253c5998') in 0.070459 seconds 
========================================================================
Received Import Request.
  Time since last request: 0.000029 seconds.
  path: Assets/Models/Characters/PolyAngel_Space Pack/Prefabs/Launching Pad01.prefab
  artifactKey: Guid(53e50fd23c19047a6881773a04441d9a) Importer(815301076,1909f56bfc062723c751e8b465ee728b)
Start importing Assets/Models/Characters/PolyAngel_Space Pack/Prefabs/Launching Pad01.prefab using Guid(53e50fd23c19047a6881773a04441d9a) Importer(815301076,1909f56bfc062723c751e8b465ee728b)  -> (artifact id: '0931ec692046f8a2dc4808ecf7a482cb') in 0.033253 seconds 
========================================================================
Received Import Request.
  Time since last request: 0.000043 seconds.
  path: Assets/simple_low_poly_village_buildings/models/farm_lvl5.prefab
  artifactKey: Guid(5526a7870160e19499d29687ae4fb17a) Importer(815301076,1909f56bfc062723c751e8b465ee728b)
Start importing Assets/simple_low_poly_village_buildings/models/farm_lvl5.prefab using Guid(5526a7870160e19499d29687ae4fb17a) Importer(815301076,1909f56bfc062723c751e8b465ee728b)  -> (artifact id: '10a93cf2864c46bb0be995ffa1bd07d1') in 0.058010 seconds 
========================================================================
Received Import Request.
  Time since last request: 0.000062 seconds.
  path: Assets/simple_low_poly_village_buildings
  artifactKey: Guid(e793bae89143368489ee004d9ea7fabd) Importer(815301076,1909f56bfc062723c751e8b465ee728b)
Start importing Assets/simple_low_poly_village_buildings using Guid(e793bae89143368489ee004d9ea7fabd) Importer(815301076,1909f56bfc062723c751e8b465ee728b)  -> (artifact id: '6be62dc757759599712f8a56136092f7') in 0.022551 seconds 
========================================================================
Received Import Request.
  Time since last request: 0.000029 seconds.
  path: Assets/Models/Characters/PolyAngel_Space Pack/Prefabs/Truck02.prefab
  artifactKey: Guid(ea2b45aef702543d6a06098276d8c1b9) Importer(815301076,1909f56bfc062723c751e8b465ee728b)
Start importing Assets/Models/Characters/PolyAngel_Space Pack/Prefabs/Truck02.prefab using Guid(ea2b45aef702543d6a06098276d8c1b9) Importer(815301076,1909f56bfc062723c751e8b465ee728b)  -> (artifact id: 'b2796fa3c72e9d54b5bc3bce9af69b04') in 0.032516 seconds 
========================================================================
Received Import Request.
  Time since last request: 0.000028 seconds.
  path: Assets/simple_low_poly_village_buildings/models/tomato2.prefab
  artifactKey: Guid(6fd64ca8439abd14d91ad354ea33d426) Importer(815301076,1909f56bfc062723c751e8b465ee728b)
Start importing Assets/simple_low_poly_village_buildings/models/tomato2.prefab using Guid(6fd64ca8439abd14d91ad354ea33d426) Importer(815301076,1909f56bfc062723c751e8b465ee728b)  -> (artifact id: '41bcc8503e1d711fc19e0f486c9e780e') in 0.080075 seconds 
========================================================================
Received Import Request.
  Time since last request: 0.000036 seconds.
  path: Assets/Models/Characters/PolyAngel_Space Pack/Prefabs/Missile Space Launcher 02.prefab
  artifactKey: Guid(9ddc2e6b0c41f43169506cecab9e47dd) Importer(815301076,1909f56bfc062723c751e8b465ee728b)
Start importing Assets/Models/Characters/PolyAngel_Space Pack/Prefabs/Missile Space Launcher 02.prefab using Guid(9ddc2e6b0c41f43169506cecab9e47dd) Importer(815301076,1909f56bfc062723c751e8b465ee728b)  -> (artifact id: '2de771d878ed3c3a517f7557dd37f635') in 0.082073 seconds 
========================================================================
Received Prepare
Registering precompiled user dll's ...
Registered in 0.004733 seconds.
Begin MonoManager ReloadAssembly
Symbol file LoadedFromMemory doesn't match image C:\Users\demim\Github\Building-Playful-Worlds-2\Building Playful Worlds 2\Library\PackageCache\com.unity.visualscripting@1.8.0\Editor\VisualScripting.Core\Dependencies\YamlDotNet\Unity.VisualScripting.YamlDotNet.dll
Symbol file LoadedFromMemory doesn't match image C:\Users\demim\Github\Building-Playful-Worlds-2\Building Playful Worlds 2\Library\PackageCache\com.unity.visualscripting@1.8.0\Editor\VisualScripting.Core\Dependencies\DotNetZip\Unity.VisualScripting.IonicZip.dll
Native extension for WindowsStandalone target not found
Native extension for WebGL target not found
Refreshing native plugins compatible for Editor in 0.76 ms, found 3 plugins.
Preloading 0 native plugins for Editor in 0.00 ms.
Mono: successfully reloaded assembly
- Completed reload, in  1.422 seconds
Domain Reload Profiling:
	ReloadAssembly (1423ms)
		BeginReloadAssembly (183ms)
			ExecutionOrderSort (0ms)
			DisableScriptedObjects (6ms)
			BackupInstance (0ms)
			ReleaseScriptingObjects (0ms)
			CreateAndSetChildDomain (46ms)
		EndReloadAssembly (1125ms)
			LoadAssemblies (116ms)
			RebuildTransferFunctionScriptingTraits (0ms)
			SetupTypeCache (335ms)
			ReleaseScriptCaches (2ms)
			RebuildScriptCaches (52ms)
			SetupLoadedEditorAssemblies (583ms)
				LogAssemblyErrors (0ms)
				InitializePlatformSupportModulesInManaged (11ms)
				SetLoadedEditorAssemblies (1ms)
				RefreshPlugins (1ms)
				BeforeProcessingInitializeOnLoad (109ms)
				ProcessInitializeOnLoadAttributes (427ms)
				ProcessInitializeOnLoadMethodAttributes (27ms)
				AfterProcessingInitializeOnLoad (6ms)
				EditorAssembliesLoaded (0ms)
			ExecutionOrderSort2 (0ms)
			AwakeInstancesAfterBackupRestoration (8ms)
Platform modules already initialized, skipping
Refreshing native plugins compatible for Editor in 1.66 ms, found 3 plugins.
Preloading 0 native plugins for Editor in 0.00 ms.
Unloading 3479 Unused Serialized files (Serialized files now loaded: 0)
Unloading 40 unused Assets / (2.8 MB). Loaded Objects now: 4065.
Memory consumption went from 227.8 MB to 225.0 MB.
Total: 3.736200 ms (FindLiveObjects: 0.240900 ms CreateObjectMapping: 0.109600 ms MarkObjects: 2.904100 ms  DeleteObjects: 0.480400 ms)

AssetImportParameters requested are different than current active one (requested -> active):
  custom:video-decoder-ogg-theora: a1e56fd34408186e4bbccfd4996cb3dc -> 
  custom:container-muxer-webm: aa71ff27fc2769a1b78a27578f13a17b -> 
  custom:container-demuxer-webm: 4f35f7cbe854078d1ac9338744f61a02 -> 
  custom:video-encoder-webm-vp8: eb34c28f22e8b96e1ab97ce403110664 -> 
  custom:CustomObjectIndexerAttribute: bc11b3a6c3213fcdd17b65e7da85e133 -> 
  custom:audio-encoder-webm-vorbis: bf7c407c2cedff20999df2af8eb42d56 -> 
  custom:framework-win-MediaFoundation: 216162199b28c13a410421893ffa2e32 -> 
  custom:container-demuxer-ogg: 62fdf1f143b41e24485cea50d1cbac27 -> 
  custom:video-decoder-webm-vp8: 9c59270c3fd7afecdb556c50c9e8de78 -> 
  custom:audio-decoder-ogg-vorbis: bf7c407c2cedff20999df2af8eb42d56 -> 
========================================================================
Received Prepare
Registering precompiled user dll's ...
Registered in 0.004934 seconds.
Begin MonoManager ReloadAssembly
Symbol file LoadedFromMemory doesn't match image C:\Users\demim\Github\Building-Playful-Worlds-2\Building Playful Worlds 2\Library\PackageCache\com.unity.visualscripting@1.8.0\Editor\VisualScripting.Core\Dependencies\YamlDotNet\Unity.VisualScripting.YamlDotNet.dll
Symbol file LoadedFromMemory doesn't match image C:\Users\demim\Github\Building-Playful-Worlds-2\Building Playful Worlds 2\Library\PackageCache\com.unity.visualscripting@1.8.0\Editor\VisualScripting.Core\Dependencies\DotNetZip\Unity.VisualScripting.IonicZip.dll
Native extension for WindowsStandalone target not found
Native extension for WebGL target not found
Refreshing native plugins compatible for Editor in 0.69 ms, found 3 plugins.
Preloading 0 native plugins for Editor in 0.00 ms.
Mono: successfully reloaded assembly
- Completed reload, in  1.341 seconds
Domain Reload Profiling:
	ReloadAssembly (1342ms)
		BeginReloadAssembly (168ms)
			ExecutionOrderSort (0ms)
			DisableScriptedObjects (5ms)
			BackupInstance (0ms)
			ReleaseScriptingObjects (0ms)
			CreateAndSetChildDomain (43ms)
		EndReloadAssembly (1067ms)
			LoadAssemblies (120ms)
			RebuildTransferFunctionScriptingTraits (0ms)
			SetupTypeCache (315ms)
			ReleaseScriptCaches (2ms)
			RebuildScriptCaches (55ms)
			SetupLoadedEditorAssemblies (530ms)
				LogAssemblyErrors (0ms)
				InitializePlatformSupportModulesInManaged (8ms)
				SetLoadedEditorAssemblies (1ms)
				RefreshPlugins (1ms)
				BeforeProcessingInitializeOnLoad (94ms)
				ProcessInitializeOnLoadAttributes (389ms)
				ProcessInitializeOnLoadMethodAttributes (30ms)
				AfterProcessingInitializeOnLoad (8ms)
				EditorAssembliesLoaded (0ms)
			ExecutionOrderSort2 (0ms)
			AwakeInstancesAfterBackupRestoration (8ms)
Platform modules already initialized, skipping
Refreshing native plugins compatible for Editor in 1.71 ms, found 3 plugins.
Preloading 0 native plugins for Editor in 0.00 ms.
Unloading 3479 Unused Serialized files (Serialized files now loaded: 0)
Unloading 40 unused Assets / (2.8 MB). Loaded Objects now: 4080.
Memory consumption went from 227.8 MB to 225.0 MB.
Total: 4.547200 ms (FindLiveObjects: 0.280600 ms CreateObjectMapping: 0.176400 ms MarkObjects: 3.593800 ms  DeleteObjects: 0.495000 ms)

AssetImportParameters requested are different than current active one (requested -> active):
  custom:video-decoder-ogg-theora: a1e56fd34408186e4bbccfd4996cb3dc -> 
  custom:container-muxer-webm: aa71ff27fc2769a1b78a27578f13a17b -> 
  custom:container-demuxer-webm: 4f35f7cbe854078d1ac9338744f61a02 -> 
  custom:video-encoder-webm-vp8: eb34c28f22e8b96e1ab97ce403110664 -> 
  custom:CustomObjectIndexerAttribute: bc11b3a6c3213fcdd17b65e7da85e133 -> 
  custom:audio-encoder-webm-vorbis: bf7c407c2cedff20999df2af8eb42d56 -> 
  custom:framework-win-MediaFoundation: 216162199b28c13a410421893ffa2e32 -> 
  custom:container-demuxer-ogg: 62fdf1f143b41e24485cea50d1cbac27 -> 
  custom:video-decoder-webm-vp8: 9c59270c3fd7afecdb556c50c9e8de78 -> 
  custom:audio-decoder-ogg-vorbis: bf7c407c2cedff20999df2af8eb42d56 -> 
========================================================================
Received Import Request.
  Time since last request: 775.364061 seconds.
  path: Assets/eya_level_design.png
  artifactKey: Guid(77e90dab3e735ba49b2ef248e1d7c77a) Importer(815301076,1909f56bfc062723c751e8b465ee728b)
Start importing Assets/eya_level_design.png using Guid(77e90dab3e735ba49b2ef248e1d7c77a) Importer(815301076,1909f56bfc062723c751e8b465ee728b)  -> (artifact id: '40dbacaecca79fbd4f4c793f1d3e4cdd') in 0.202119 seconds 
========================================================================
Received Import Request.
  Time since last request: 16.556082 seconds.
  path: Assets/eya_level_design.png
  artifactKey: Guid(77e90dab3e735ba49b2ef248e1d7c77a) Importer(815301076,1909f56bfc062723c751e8b465ee728b)
Start importing Assets/eya_level_design.png using Guid(77e90dab3e735ba49b2ef248e1d7c77a) Importer(815301076,1909f56bfc062723c751e8b465ee728b)  -> (artifact id: '3ccb2c25cf06d5146030474e724c2c0a') in 0.153574 seconds 
========================================================================
Received Import Request.
  Time since last request: 17.461713 seconds.
  path: Assets/eya_level_design.png
  artifactKey: Guid(77e90dab3e735ba49b2ef248e1d7c77a) Importer(815301076,1909f56bfc062723c751e8b465ee728b)
Start importing Assets/eya_level_design.png using Guid(77e90dab3e735ba49b2ef248e1d7c77a) Importer(815301076,1909f56bfc062723c751e8b465ee728b)  -> (artifact id: '201972e9493ddb371444e0b143665147') in 0.295624 seconds 
========================================================================
Received Import Request.
  Time since last request: 6.748997 seconds.
  path: Assets/eya_level_design.png
  artifactKey: Guid(77e90dab3e735ba49b2ef248e1d7c77a) Importer(815301076,1909f56bfc062723c751e8b465ee728b)
Start importing Assets/eya_level_design.png using Guid(77e90dab3e735ba49b2ef248e1d7c77a) Importer(815301076,1909f56bfc062723c751e8b465ee728b)  -> (artifact id: 'b3c10a0b57dd6dcfca88bcb440eaae1c') in 0.038534 seconds 
========================================================================
Received Import Request.
  Time since last request: 75.494658 seconds.
  path: Assets/eya_level_design.png
  artifactKey: Guid(77e90dab3e735ba49b2ef248e1d7c77a) Importer(815301076,1909f56bfc062723c751e8b465ee728b)
Start importing Assets/eya_level_design.png using Guid(77e90dab3e735ba49b2ef248e1d7c77a) Importer(815301076,1909f56bfc062723c751e8b465ee728b)  -> (artifact id: '60bbf1a82e88187f72ecb99a215967c8') in 0.333447 seconds 
========================================================================
Received Prepare
Registering precompiled user dll's ...
Registered in 0.004840 seconds.
Begin MonoManager ReloadAssembly
Symbol file LoadedFromMemory doesn't match image C:\Users\demim\Github\Building-Playful-Worlds-2\Building Playful Worlds 2\Library\PackageCache\com.unity.visualscripting@1.8.0\Editor\VisualScripting.Core\Dependencies\YamlDotNet\Unity.VisualScripting.YamlDotNet.dll
Symbol file LoadedFromMemory doesn't match image C:\Users\demim\Github\Building-Playful-Worlds-2\Building Playful Worlds 2\Library\PackageCache\com.unity.visualscripting@1.8.0\Editor\VisualScripting.Core\Dependencies\DotNetZip\Unity.VisualScripting.IonicZip.dll
Native extension for WindowsStandalone target not found
Native extension for WebGL target not found
Refreshing native plugins compatible for Editor in 1.04 ms, found 3 plugins.
Preloading 0 native plugins for Editor in 0.00 ms.
Mono: successfully reloaded assembly
- Completed reload, in  1.365 seconds
Domain Reload Profiling:
	ReloadAssembly (1365ms)
		BeginReloadAssembly (163ms)
			ExecutionOrderSort (0ms)
			DisableScriptedObjects (5ms)
			BackupInstance (0ms)
			ReleaseScriptingObjects (0ms)
			CreateAndSetChildDomain (46ms)
		EndReloadAssembly (1092ms)
			LoadAssemblies (114ms)
			RebuildTransferFunctionScriptingTraits (0ms)
			SetupTypeCache (321ms)
			ReleaseScriptCaches (2ms)
			RebuildScriptCaches (55ms)
			SetupLoadedEditorAssemblies (547ms)
				LogAssemblyErrors (0ms)
				InitializePlatformSupportModulesInManaged (19ms)
				SetLoadedEditorAssemblies (1ms)
				RefreshPlugins (1ms)
				BeforeProcessingInitializeOnLoad (87ms)
				ProcessInitializeOnLoadAttributes (403ms)
				ProcessInitializeOnLoadMethodAttributes (29ms)
				AfterProcessingInitializeOnLoad (7ms)
				EditorAssembliesLoaded (0ms)
			ExecutionOrderSort2 (0ms)
			AwakeInstancesAfterBackupRestoration (8ms)
Platform modules already initialized, skipping
Refreshing native plugins compatible for Editor in 1.69 ms, found 3 plugins.
Preloading 0 native plugins for Editor in 0.00 ms.
Unloading 3479 Unused Serialized files (Serialized files now loaded: 0)
Unloading 40 unused Assets / (2.8 MB). Loaded Objects now: 4100.
Memory consumption went from 227.8 MB to 225.1 MB.
Total: 4.327500 ms (FindLiveObjects: 0.471400 ms CreateObjectMapping: 0.162700 ms MarkObjects: 3.215500 ms  DeleteObjects: 0.476500 ms)

AssetImportParameters requested are different than current active one (requested -> active):
  custom:video-decoder-ogg-theora: a1e56fd34408186e4bbccfd4996cb3dc -> 
  custom:container-muxer-webm: aa71ff27fc2769a1b78a27578f13a17b -> 
  custom:container-demuxer-webm: 4f35f7cbe854078d1ac9338744f61a02 -> 
  custom:video-encoder-webm-vp8: eb34c28f22e8b96e1ab97ce403110664 -> 
  custom:CustomObjectIndexerAttribute: bc11b3a6c3213fcdd17b65e7da85e133 -> 
  custom:audio-encoder-webm-vorbis: bf7c407c2cedff20999df2af8eb42d56 -> 
  custom:framework-win-MediaFoundation: 216162199b28c13a410421893ffa2e32 -> 
  custom:container-demuxer-ogg: 62fdf1f143b41e24485cea50d1cbac27 -> 
  custom:video-decoder-webm-vp8: 9c59270c3fd7afecdb556c50c9e8de78 -> 
  custom:audio-decoder-ogg-vorbis: bf7c407c2cedff20999df2af8eb42d56 -> 
========================================================================
Received Prepare
Registering precompiled user dll's ...
Registered in 0.005624 seconds.
Begin MonoManager ReloadAssembly
Symbol file LoadedFromMemory doesn't match image C:\Users\demim\Github\Building-Playful-Worlds-2\Building Playful Worlds 2\Library\PackageCache\com.unity.visualscripting@1.8.0\Editor\VisualScripting.Core\Dependencies\YamlDotNet\Unity.VisualScripting.YamlDotNet.dll
Symbol file LoadedFromMemory doesn't match image C:\Users\demim\Github\Building-Playful-Worlds-2\Building Playful Worlds 2\Library\PackageCache\com.unity.visualscripting@1.8.0\Editor\VisualScripting.Core\Dependencies\DotNetZip\Unity.VisualScripting.IonicZip.dll
Native extension for WindowsStandalone target not found
Native extension for WebGL target not found
Refreshing native plugins compatible for Editor in 0.70 ms, found 3 plugins.
Preloading 0 native plugins for Editor in 0.00 ms.
Mono: successfully reloaded assembly
- Completed reload, in  1.417 seconds
Domain Reload Profiling:
	ReloadAssembly (1418ms)
		BeginReloadAssembly (176ms)
			ExecutionOrderSort (0ms)
			DisableScriptedObjects (7ms)
			BackupInstance (0ms)
			ReleaseScriptingObjects (0ms)
			CreateAndSetChildDomain (49ms)
		EndReloadAssembly (1132ms)
			LoadAssemblies (110ms)
			RebuildTransferFunctionScriptingTraits (0ms)
			SetupTypeCache (360ms)
			ReleaseScriptCaches (2ms)
			RebuildScriptCaches (63ms)
			SetupLoadedEditorAssemblies (556ms)
				LogAssemblyErrors (0ms)
				InitializePlatformSupportModulesInManaged (8ms)
				SetLoadedEditorAssemblies (1ms)
				RefreshPlugins (1ms)
				BeforeProcessingInitializeOnLoad (90ms)
				ProcessInitializeOnLoadAttributes (421ms)
				ProcessInitializeOnLoadMethodAttributes (29ms)
				AfterProcessingInitializeOnLoad (7ms)
				EditorAssembliesLoaded (0ms)
			ExecutionOrderSort2 (0ms)
			AwakeInstancesAfterBackupRestoration (7ms)
Platform modules already initialized, skipping
Refreshing native plugins compatible for Editor in 1.96 ms, found 3 plugins.
Preloading 0 native plugins for Editor in 0.00 ms.
Unloading 3479 Unused Serialized files (Serialized files now loaded: 0)
Unloading 40 unused Assets / (2.8 MB). Loaded Objects now: 4115.
Memory consumption went from 227.9 MB to 225.1 MB.
Total: 4.485200 ms (FindLiveObjects: 0.476200 ms CreateObjectMapping: 0.155800 ms MarkObjects: 3.255700 ms  DeleteObjects: 0.594900 ms)

AssetImportParameters requested are different than current active one (requested -> active):
  custom:video-decoder-ogg-theora: a1e56fd34408186e4bbccfd4996cb3dc -> 
  custom:container-muxer-webm: aa71ff27fc2769a1b78a27578f13a17b -> 
  custom:container-demuxer-webm: 4f35f7cbe854078d1ac9338744f61a02 -> 
  custom:video-encoder-webm-vp8: eb34c28f22e8b96e1ab97ce403110664 -> 
  custom:CustomObjectIndexerAttribute: bc11b3a6c3213fcdd17b65e7da85e133 -> 
  custom:audio-encoder-webm-vorbis: bf7c407c2cedff20999df2af8eb42d56 -> 
  custom:framework-win-MediaFoundation: 216162199b28c13a410421893ffa2e32 -> 
  custom:container-demuxer-ogg: 62fdf1f143b41e24485cea50d1cbac27 -> 
  custom:video-decoder-webm-vp8: 9c59270c3fd7afecdb556c50c9e8de78 -> 
  custom:audio-decoder-ogg-vorbis: bf7c407c2cedff20999df2af8eb42d56 -> 
========================================================================
Received Import Request.
  Time since last request: 811.297425 seconds.
  path: Assets/Art Lun
  artifactKey: Guid(cd5f8c8cbc3ebc44fa3f671dd2d97e8a) Importer(815301076,1909f56bfc062723c751e8b465ee728b)
Start importing Assets/Art Lun using Guid(cd5f8c8cbc3ebc44fa3f671dd2d97e8a) Importer(815301076,1909f56bfc062723c751e8b465ee728b)  -> (artifact id: '3ff105fa01aaacadaccdc6af211eb98d') in 0.069982 seconds 
