Using pre-set license
Built from '2021.3/staging' branch; Version is '2021.3.29f1 (204d6dc9ae1c) revision 2116973'; Using compiler version '192829333'; Build Type 'Release'
OS: 'Windows 11  (10.0.22631) 64bit Core' Language: 'en' Physical Memory: 16010 MB
BatchMode: 1, IsHumanControllingUs: 0, StartBugReporterOnCrash: 0, Is64bit: 1, IsPro: 1

COMMAND LINE ARGUMENTS:
C:\Program Files\Unity\Hub\Editor\2021.3.29f1\Editor\Unity.exe
-adb2
-batchMode
-noUpm
-name
AssetImportWorker10
-projectPath
C:/Users/demim/Github/Building-Playful-Worlds-2/Building Playful Worlds 2
-logFile
Logs/AssetImportWorker10.log
-srvPort
57918
Successfully changed project path to: C:/Users/demim/Github/Building-Playful-Worlds-2/Building Playful Worlds 2
C:/Users/demim/Github/Building-Playful-Worlds-2/Building Playful Worlds 2
[UnityMemory] Configuration Parameters - Can be set up in boot.config
    "memorysetup-bucket-allocator-granularity=16"
    "memorysetup-bucket-allocator-bucket-count=8"
    "memorysetup-bucket-allocator-block-size=33554432"
    "memorysetup-bucket-allocator-block-count=8"
    "memorysetup-main-allocator-block-size=16777216"
    "memorysetup-thread-allocator-block-size=16777216"
    "memorysetup-gfx-main-allocator-block-size=16777216"
    "memorysetup-gfx-thread-allocator-block-size=16777216"
    "memorysetup-cache-allocator-block-size=4194304"
    "memorysetup-typetree-allocator-block-size=2097152"
    "memorysetup-profiler-bucket-allocator-granularity=16"
    "memorysetup-profiler-bucket-allocator-bucket-count=8"
    "memorysetup-profiler-bucket-allocator-block-size=33554432"
    "memorysetup-profiler-bucket-allocator-block-count=8"
    "memorysetup-profiler-allocator-block-size=16777216"
    "memorysetup-profiler-editor-allocator-block-size=1048576"
    "memorysetup-temp-allocator-size-main=16777216"
    "memorysetup-job-temp-allocator-block-size=2097152"
    "memorysetup-job-temp-allocator-block-size-background=1048576"
    "memorysetup-job-temp-allocator-reduction-small-platforms=262144"
    "memorysetup-temp-allocator-size-background-worker=32768"
    "memorysetup-temp-allocator-size-job-worker=262144"
    "memorysetup-temp-allocator-size-preload-manager=33554432"
    "memorysetup-temp-allocator-size-nav-mesh-worker=65536"
    "memorysetup-temp-allocator-size-audio-worker=65536"
    "memorysetup-temp-allocator-size-cloud-worker=32768"
    "memorysetup-temp-allocator-size-gi-baking-worker=262144"
    "memorysetup-temp-allocator-size-gfx=262144"
Player connection [22076] Host "[IP] 10.3.26.32 [Port] 0 [Flags] 2 [Guid] 3431146482 [EditorId] 3431146482 [Version] 1048832 [Id] WindowsEditor(7,Lun) [Debug] 1 [PackageName] WindowsEditor [ProjectName] Editor" joined multi-casting on [225.0.0.222:54997]...

Player connection [22076] Host "[IP] 10.3.26.32 [Port] 0 [Flags] 2 [Guid] 3431146482 [EditorId] 3431146482 [Version] 1048832 [Id] WindowsEditor(7,Lun) [Debug] 1 [PackageName] WindowsEditor [ProjectName] Editor" joined alternative multi-casting on [225.0.0.222:34997]...

Refreshing native plugins compatible for Editor in 130.29 ms, found 3 plugins.
Preloading 0 native plugins for Editor in 0.00 ms.
Initialize engine version: 2021.3.29f1 (204d6dc9ae1c)
[Subsystems] Discovering subsystems at path C:/Program Files/Unity/Hub/Editor/2021.3.29f1/Editor/Data/Resources/UnitySubsystems
[Subsystems] Discovering subsystems at path C:/Users/demim/Github/Building-Playful-Worlds-2/Building Playful Worlds 2/Assets
GfxDevice: creating device client; threaded=0; jobified=0
Direct3D:
    Version:  Direct3D 11.0 [level 11.1]
    Renderer: NVIDIA GeForce RTX 3050 Laptop GPU (ID=0x25a2)
    Vendor:   NVIDIA
    VRAM:     3964 MB
    Driver:   31.0.15.5161
Initialize mono
Mono path[0] = 'C:/Program Files/Unity/Hub/Editor/2021.3.29f1/Editor/Data/Managed'
Mono path[1] = 'C:/Program Files/Unity/Hub/Editor/2021.3.29f1/Editor/Data/MonoBleedingEdge/lib/mono/unityjit-win32'
Mono config path = 'C:/Program Files/Unity/Hub/Editor/2021.3.29f1/Editor/Data/MonoBleedingEdge/etc'
Using monoOptions --debugger-agent=transport=dt_socket,embedding=1,server=y,suspend=n,address=127.0.0.1:56536
Begin MonoManager ReloadAssembly
Registering precompiled unity dll's ...
Register platform support module: C:/Program Files/Unity/Hub/Editor/2021.3.29f1/Editor/Data/PlaybackEngines/WebGLSupport/UnityEditor.WebGL.Extensions.dll
Register platform support module: C:/Program Files/Unity/Hub/Editor/2021.3.29f1/Editor/Data/PlaybackEngines/WindowsStandaloneSupport/UnityEditor.WindowsStandalone.Extensions.dll
Registered in 0.006335 seconds.
Native extension for WindowsStandalone target not found
Native extension for WebGL target not found
Refreshing native plugins compatible for Editor in 102.26 ms, found 3 plugins.
Preloading 0 native plugins for Editor in 0.00 ms.
Mono: successfully reloaded assembly
- Completed reload, in  0.855 seconds
Domain Reload Profiling:
	ReloadAssembly (856ms)
		BeginReloadAssembly (117ms)
			ExecutionOrderSort (0ms)
			DisableScriptedObjects (0ms)
			BackupInstance (0ms)
			ReleaseScriptingObjects (0ms)
			CreateAndSetChildDomain (1ms)
		EndReloadAssembly (612ms)
			LoadAssemblies (115ms)
			RebuildTransferFunctionScriptingTraits (0ms)
			SetupTypeCache (143ms)
			ReleaseScriptCaches (0ms)
			RebuildScriptCaches (45ms)
			SetupLoadedEditorAssemblies (358ms)
				LogAssemblyErrors (0ms)
				InitializePlatformSupportModulesInManaged (11ms)
				SetLoadedEditorAssemblies (0ms)
				RefreshPlugins (102ms)
				BeforeProcessingInitializeOnLoad (1ms)
				ProcessInitializeOnLoadAttributes (183ms)
				ProcessInitializeOnLoadMethodAttributes (60ms)
				AfterProcessingInitializeOnLoad (0ms)
				EditorAssembliesLoaded (0ms)
			ExecutionOrderSort2 (0ms)
			AwakeInstancesAfterBackupRestoration (0ms)
Platform modules already initialized, skipping
Registering precompiled user dll's ...
Registered in 0.004480 seconds.
Begin MonoManager ReloadAssembly
Symbol file LoadedFromMemory doesn't match image C:\Users\demim\Github\Building-Playful-Worlds-2\Building Playful Worlds 2\Library\PackageCache\com.unity.visualscripting@1.8.0\Editor\VisualScripting.Core\Dependencies\YamlDotNet\Unity.VisualScripting.YamlDotNet.dll
Symbol file LoadedFromMemory doesn't match image C:\Users\demim\Github\Building-Playful-Worlds-2\Building Playful Worlds 2\Library\PackageCache\com.unity.visualscripting@1.8.0\Editor\VisualScripting.Core\Dependencies\DotNetZip\Unity.VisualScripting.IonicZip.dll
Native extension for WindowsStandalone target not found
Native extension for WebGL target not found
Refreshing native plugins compatible for Editor in 99.24 ms, found 3 plugins.
Preloading 0 native plugins for Editor in 0.00 ms.
Mono: successfully reloaded assembly
- Completed reload, in 12.719 seconds
Domain Reload Profiling:
	ReloadAssembly (12720ms)
		BeginReloadAssembly (165ms)
			ExecutionOrderSort (0ms)
			DisableScriptedObjects (7ms)
			BackupInstance (0ms)
			ReleaseScriptingObjects (0ms)
			CreateAndSetChildDomain (25ms)
		EndReloadAssembly (12309ms)
			LoadAssemblies (9453ms)
			RebuildTransferFunctionScriptingTraits (0ms)
			SetupTypeCache (1658ms)
			ReleaseScriptCaches (0ms)
			RebuildScriptCaches (78ms)
			SetupLoadedEditorAssemblies (1078ms)
				LogAssemblyErrors (0ms)
				InitializePlatformSupportModulesInManaged (7ms)
				SetLoadedEditorAssemblies (0ms)
				RefreshPlugins (99ms)
				BeforeProcessingInitializeOnLoad (92ms)
				ProcessInitializeOnLoadAttributes (845ms)
				ProcessInitializeOnLoadMethodAttributes (25ms)
				AfterProcessingInitializeOnLoad (10ms)
				EditorAssembliesLoaded (0ms)
			ExecutionOrderSort2 (0ms)
			AwakeInstancesAfterBackupRestoration (10ms)
Platform modules already initialized, skipping
========================================================================
Worker process is ready to serve import requests
Launched and connected shader compiler UnityShaderCompiler.exe after 0.11 seconds
Refreshing native plugins compatible for Editor in 0.96 ms, found 3 plugins.
Preloading 0 native plugins for Editor in 0.00 ms.
Unloading 3563 Unused Serialized files (Serialized files now loaded: 0)
Unloading 69 unused Assets / (2.8 MB). Loaded Objects now: 4042.
Memory consumption went from 232.0 MB to 229.2 MB.
Total: 5.886900 ms (FindLiveObjects: 0.313600 ms CreateObjectMapping: 0.134900 ms MarkObjects: 4.433600 ms  DeleteObjects: 1.002600 ms)

AssetImportParameters requested are different than current active one (requested -> active):
  custom:video-decoder-ogg-theora: a1e56fd34408186e4bbccfd4996cb3dc -> 
  custom:container-muxer-webm: aa71ff27fc2769a1b78a27578f13a17b -> 
  custom:container-demuxer-webm: 4f35f7cbe854078d1ac9338744f61a02 -> 
  custom:video-encoder-webm-vp8: eb34c28f22e8b96e1ab97ce403110664 -> 
  custom:CustomObjectIndexerAttribute: bc11b3a6c3213fcdd17b65e7da85e133 -> 
  custom:audio-encoder-webm-vorbis: bf7c407c2cedff20999df2af8eb42d56 -> 
  custom:framework-win-MediaFoundation: 216162199b28c13a410421893ffa2e32 -> 
  custom:container-demuxer-ogg: 62fdf1f143b41e24485cea50d1cbac27 -> 
  custom:video-decoder-webm-vp8: 9c59270c3fd7afecdb556c50c9e8de78 -> 
  custom:audio-decoder-ogg-vorbis: bf7c407c2cedff20999df2af8eb42d56 -> 
========================================================================
Received Import Request.
  Time since last request: 511752.281552 seconds.
  path: Assets/Models/Characters/PolyAngel_Space Pack/Prefabs/Ground.prefab
  artifactKey: Guid(13b7d6eec26b34310b81ac7f69bd7051) Importer(815301076,1909f56bfc062723c751e8b465ee728b)
Start importing Assets/Models/Characters/PolyAngel_Space Pack/Prefabs/Ground.prefab using Guid(13b7d6eec26b34310b81ac7f69bd7051) Importer(815301076,1909f56bfc062723c751e8b465ee728b)  -> (artifact id: '047134a27d5a07ee81d53a469c8212e3') in 0.308501 seconds 
========================================================================
Received Import Request.
  Time since last request: 0.000033 seconds.
  path: Assets/simple_low_poly_village_buildings/models/house_lvl5.prefab
  artifactKey: Guid(6f3e0814d7f66ff44a590734f01c6068) Importer(815301076,1909f56bfc062723c751e8b465ee728b)
Start importing Assets/simple_low_poly_village_buildings/models/house_lvl5.prefab using Guid(6f3e0814d7f66ff44a590734f01c6068) Importer(815301076,1909f56bfc062723c751e8b465ee728b)  -> (artifact id: 'c1284e136a8e06de3f2d518135f9990a') in 0.087109 seconds 
========================================================================
Received Import Request.
  Time since last request: 0.000052 seconds.
  path: Assets/Models/Characters/PolyAngel_Space Pack/Prefabs/Rocket.05.prefab
  artifactKey: Guid(235a1394891f54e32910b4ebe187d17d) Importer(815301076,1909f56bfc062723c751e8b465ee728b)
Start importing Assets/Models/Characters/PolyAngel_Space Pack/Prefabs/Rocket.05.prefab using Guid(235a1394891f54e32910b4ebe187d17d) Importer(815301076,1909f56bfc062723c751e8b465ee728b)  -> (artifact id: '20bc1092ecb4ba0313c38a591dea8108') in 0.154052 seconds 
========================================================================
Received Import Request.
  Time since last request: 0.000022 seconds.
  path: Assets/Models/Characters/PolyAngel_Space Pack/Prefabs/Rocket.04.prefab
  artifactKey: Guid(9bf1980c293454a4297aca9a8e017064) Importer(815301076,1909f56bfc062723c751e8b465ee728b)
Start importing Assets/Models/Characters/PolyAngel_Space Pack/Prefabs/Rocket.04.prefab using Guid(9bf1980c293454a4297aca9a8e017064) Importer(815301076,1909f56bfc062723c751e8b465ee728b)  -> (artifact id: 'ee50f9a3d559630fde15465701f3ae90') in 0.138070 seconds 
========================================================================
Received Import Request.
  Time since last request: 0.000029 seconds.
  path: Assets/simple_low_poly_village_buildings/models/hay2.prefab
  artifactKey: Guid(fa355f161332a5a46aec6a7bca29b4d0) Importer(815301076,1909f56bfc062723c751e8b465ee728b)
Start importing Assets/simple_low_poly_village_buildings/models/hay2.prefab using Guid(fa355f161332a5a46aec6a7bca29b4d0) Importer(815301076,1909f56bfc062723c751e8b465ee728b)  -> (artifact id: '6f049c5443c18a068b7e75da823d2fa9') in 0.098739 seconds 
========================================================================
Received Import Request.
  Time since last request: 0.000051 seconds.
  path: Assets/simple_low_poly_village_buildings/models/crate.prefab
  artifactKey: Guid(3f75115cad4290d40a5eb8d65a599852) Importer(815301076,1909f56bfc062723c751e8b465ee728b)
Start importing Assets/simple_low_poly_village_buildings/models/crate.prefab using Guid(3f75115cad4290d40a5eb8d65a599852) Importer(815301076,1909f56bfc062723c751e8b465ee728b)  -> (artifact id: 'e9be47ce6bd64884bdc7f002f9759dd7') in 0.121556 seconds 
========================================================================
Received Import Request.
  Time since last request: 0.000030 seconds.
  path: Assets/Models/Characters/PolyAngel_Space Pack/Prefabs/Rocket.03.prefab
  artifactKey: Guid(4b5642bbae0ab44e998e9c54951bd180) Importer(815301076,1909f56bfc062723c751e8b465ee728b)
Start importing Assets/Models/Characters/PolyAngel_Space Pack/Prefabs/Rocket.03.prefab using Guid(4b5642bbae0ab44e998e9c54951bd180) Importer(815301076,1909f56bfc062723c751e8b465ee728b)  -> (artifact id: 'b192cc71a38ae42f3083433fe7465f9d') in 0.051097 seconds 
========================================================================
Received Import Request.
  Time since last request: 0.000036 seconds.
  path: Assets/simple_low_poly_village_buildings/models/grass1.prefab
  artifactKey: Guid(6114ef0be58cc8e4aab0b2adb459b092) Importer(815301076,1909f56bfc062723c751e8b465ee728b)
Start importing Assets/simple_low_poly_village_buildings/models/grass1.prefab using Guid(6114ef0be58cc8e4aab0b2adb459b092) Importer(815301076,1909f56bfc062723c751e8b465ee728b)  -> (artifact id: '145d82a682fcfbe916f5f08b575f0ee2') in 0.028369 seconds 
========================================================================
Received Import Request.
  Time since last request: 0.000225 seconds.
  path: Assets/simple_low_poly_village_buildings/models/farm_house_lvl1.prefab
  artifactKey: Guid(21d42ff46295d4a4da6da6d0d1b33631) Importer(815301076,1909f56bfc062723c751e8b465ee728b)
Start importing Assets/simple_low_poly_village_buildings/models/farm_house_lvl1.prefab using Guid(21d42ff46295d4a4da6da6d0d1b33631) Importer(815301076,1909f56bfc062723c751e8b465ee728b)  -> (artifact id: 'e725aaea0a9f8a410a78f7ef144d184f') in 0.026001 seconds 
========================================================================
Received Import Request.
  Time since last request: 0.000046 seconds.
  path: Assets/Models/Characters/PolyAngel_Space Pack/Prefabs/Contrainer.03.prefab
  artifactKey: Guid(c1724b7fb96ce4bafa8dd211dd32b6ca) Importer(815301076,1909f56bfc062723c751e8b465ee728b)
Start importing Assets/Models/Characters/PolyAngel_Space Pack/Prefabs/Contrainer.03.prefab using Guid(c1724b7fb96ce4bafa8dd211dd32b6ca) Importer(815301076,1909f56bfc062723c751e8b465ee728b)  -> (artifact id: 'f9b63e5a94751d86f2c16d608b543457') in 0.037501 seconds 
========================================================================
Received Import Request.
  Time since last request: 0.000038 seconds.
  path: Assets/Models/Characters/PolyAngel_Space Pack/Prefabs/Rocket.02.prefab
  artifactKey: Guid(67f2440608eb24c65b03e2c01b8ddcbf) Importer(815301076,1909f56bfc062723c751e8b465ee728b)
Start importing Assets/Models/Characters/PolyAngel_Space Pack/Prefabs/Rocket.02.prefab using Guid(67f2440608eb24c65b03e2c01b8ddcbf) Importer(815301076,1909f56bfc062723c751e8b465ee728b)  -> (artifact id: 'c09250cb4a30e19d61904565311d19ef') in 0.061133 seconds 
========================================================================
Received Import Request.
  Time since last request: 0.000064 seconds.
  path: Assets/Models/Characters/PolyAngel_Space Pack/Prefabs/Truck04.prefab
  artifactKey: Guid(80a375345daf746b0a62bed0bcf073ed) Importer(815301076,1909f56bfc062723c751e8b465ee728b)
Start importing Assets/Models/Characters/PolyAngel_Space Pack/Prefabs/Truck04.prefab using Guid(80a375345daf746b0a62bed0bcf073ed) Importer(815301076,1909f56bfc062723c751e8b465ee728b)  -> (artifact id: 'a64c08e95baab3a350aa1c9cd162c28b') in 0.065207 seconds 
========================================================================
Received Import Request.
  Time since last request: 0.000027 seconds.
  path: Assets/simple_low_poly_village_buildings/models/bucket.prefab
  artifactKey: Guid(fc6bfcb27fe9f8a418aaa5f607cc7d64) Importer(815301076,1909f56bfc062723c751e8b465ee728b)
Start importing Assets/simple_low_poly_village_buildings/models/bucket.prefab using Guid(fc6bfcb27fe9f8a418aaa5f607cc7d64) Importer(815301076,1909f56bfc062723c751e8b465ee728b)  -> (artifact id: '9be124e6e83694e7e44beb3fcea525d8') in 0.045351 seconds 
========================================================================
Received Import Request.
  Time since last request: 0.000062 seconds.
  path: Assets/simple_low_poly_village_buildings/models/house_lvl4.prefab
  artifactKey: Guid(7908cc4dfd2040a49bdf1a7b45bcf55c) Importer(815301076,1909f56bfc062723c751e8b465ee728b)
Start importing Assets/simple_low_poly_village_buildings/models/house_lvl4.prefab using Guid(7908cc4dfd2040a49bdf1a7b45bcf55c) Importer(815301076,1909f56bfc062723c751e8b465ee728b)  -> (artifact id: '9c3ffa7954b150f8b28b31fe445b67a6') in 0.049766 seconds 
========================================================================
Received Import Request.
  Time since last request: 0.000118 seconds.
  path: Assets/simple_low_poly_village_buildings/models/barrel.prefab
  artifactKey: Guid(e2d6d518bfc4a1945bf868a29c71b73f) Importer(815301076,1909f56bfc062723c751e8b465ee728b)
Start importing Assets/simple_low_poly_village_buildings/models/barrel.prefab using Guid(e2d6d518bfc4a1945bf868a29c71b73f) Importer(815301076,1909f56bfc062723c751e8b465ee728b)  -> (artifact id: '674a356dfa60aa7f07aa850b78465ba1') in 0.062338 seconds 
========================================================================
Received Import Request.
  Time since last request: 0.000072 seconds.
  path: Assets/simple_low_poly_village_buildings/models/rock1.prefab
  artifactKey: Guid(edefab1388e20cf4ba93862e3fdf266d) Importer(815301076,1909f56bfc062723c751e8b465ee728b)
Start importing Assets/simple_low_poly_village_buildings/models/rock1.prefab using Guid(edefab1388e20cf4ba93862e3fdf266d) Importer(815301076,1909f56bfc062723c751e8b465ee728b)  -> (artifact id: '9dd858eec97e0508e332ae3e38607e68') in 0.061801 seconds 
========================================================================
Received Import Request.
  Time since last request: 0.000026 seconds.
  path: Assets/simple_low_poly_village_buildings/models/tower_lvl7.prefab
  artifactKey: Guid(dd3aacc720f19b24eb93f961bb9b5057) Importer(815301076,1909f56bfc062723c751e8b465ee728b)
Start importing Assets/simple_low_poly_village_buildings/models/tower_lvl7.prefab using Guid(dd3aacc720f19b24eb93f961bb9b5057) Importer(815301076,1909f56bfc062723c751e8b465ee728b)  -> (artifact id: 'e6f55704806e89189cbb55002455a68d') in 0.059094 seconds 
========================================================================
Received Import Request.
  Time since last request: 0.000025 seconds.
  path: Assets/simple_low_poly_village_buildings/models/carrot1.prefab
  artifactKey: Guid(4bf49eda5e7f0bc4fa63c52b937a633a) Importer(815301076,1909f56bfc062723c751e8b465ee728b)
Start importing Assets/simple_low_poly_village_buildings/models/carrot1.prefab using Guid(4bf49eda5e7f0bc4fa63c52b937a633a) Importer(815301076,1909f56bfc062723c751e8b465ee728b)  -> (artifact id: '65352baf1ebeb51906a098ecf3c84bc1') in 0.054716 seconds 
========================================================================
Received Prepare
Registering precompiled user dll's ...
Registered in 0.004992 seconds.
Begin MonoManager ReloadAssembly
Symbol file LoadedFromMemory doesn't match image C:\Users\demim\Github\Building-Playful-Worlds-2\Building Playful Worlds 2\Library\PackageCache\com.unity.visualscripting@1.8.0\Editor\VisualScripting.Core\Dependencies\YamlDotNet\Unity.VisualScripting.YamlDotNet.dll
Symbol file LoadedFromMemory doesn't match image C:\Users\demim\Github\Building-Playful-Worlds-2\Building Playful Worlds 2\Library\PackageCache\com.unity.visualscripting@1.8.0\Editor\VisualScripting.Core\Dependencies\DotNetZip\Unity.VisualScripting.IonicZip.dll
Native extension for WindowsStandalone target not found
Native extension for WebGL target not found
Refreshing native plugins compatible for Editor in 0.82 ms, found 3 plugins.
Preloading 0 native plugins for Editor in 0.00 ms.
Mono: successfully reloaded assembly
- Completed reload, in  1.396 seconds
Domain Reload Profiling:
	ReloadAssembly (1398ms)
		BeginReloadAssembly (180ms)
			ExecutionOrderSort (0ms)
			DisableScriptedObjects (5ms)
			BackupInstance (0ms)
			ReleaseScriptingObjects (0ms)
			CreateAndSetChildDomain (47ms)
		EndReloadAssembly (1101ms)
			LoadAssemblies (116ms)
			RebuildTransferFunctionScriptingTraits (0ms)
			SetupTypeCache (334ms)
			ReleaseScriptCaches (2ms)
			RebuildScriptCaches (52ms)
			SetupLoadedEditorAssemblies (561ms)
				LogAssemblyErrors (0ms)
				InitializePlatformSupportModulesInManaged (11ms)
				SetLoadedEditorAssemblies (1ms)
				RefreshPlugins (1ms)
				BeforeProcessingInitializeOnLoad (106ms)
				ProcessInitializeOnLoadAttributes (407ms)
				ProcessInitializeOnLoadMethodAttributes (30ms)
				AfterProcessingInitializeOnLoad (6ms)
				EditorAssembliesLoaded (0ms)
			ExecutionOrderSort2 (0ms)
			AwakeInstancesAfterBackupRestoration (8ms)
Platform modules already initialized, skipping
Refreshing native plugins compatible for Editor in 3.25 ms, found 3 plugins.
Preloading 0 native plugins for Editor in 0.00 ms.
Unloading 3479 Unused Serialized files (Serialized files now loaded: 0)
Unloading 40 unused Assets / (2.8 MB). Loaded Objects now: 4065.
Memory consumption went from 227.7 MB to 224.9 MB.
Total: 4.212900 ms (FindLiveObjects: 0.307000 ms CreateObjectMapping: 0.125300 ms MarkObjects: 3.057500 ms  DeleteObjects: 0.721100 ms)

AssetImportParameters requested are different than current active one (requested -> active):
  custom:video-decoder-ogg-theora: a1e56fd34408186e4bbccfd4996cb3dc -> 
  custom:container-muxer-webm: aa71ff27fc2769a1b78a27578f13a17b -> 
  custom:container-demuxer-webm: 4f35f7cbe854078d1ac9338744f61a02 -> 
  custom:video-encoder-webm-vp8: eb34c28f22e8b96e1ab97ce403110664 -> 
  custom:CustomObjectIndexerAttribute: bc11b3a6c3213fcdd17b65e7da85e133 -> 
  custom:audio-encoder-webm-vorbis: bf7c407c2cedff20999df2af8eb42d56 -> 
  custom:framework-win-MediaFoundation: 216162199b28c13a410421893ffa2e32 -> 
  custom:container-demuxer-ogg: 62fdf1f143b41e24485cea50d1cbac27 -> 
  custom:video-decoder-webm-vp8: 9c59270c3fd7afecdb556c50c9e8de78 -> 
  custom:audio-decoder-ogg-vorbis: bf7c407c2cedff20999df2af8eb42d56 -> 
========================================================================
Received Prepare
Registering precompiled user dll's ...
Registered in 0.004604 seconds.
Begin MonoManager ReloadAssembly
Symbol file LoadedFromMemory doesn't match image C:\Users\demim\Github\Building-Playful-Worlds-2\Building Playful Worlds 2\Library\PackageCache\com.unity.visualscripting@1.8.0\Editor\VisualScripting.Core\Dependencies\YamlDotNet\Unity.VisualScripting.YamlDotNet.dll
Symbol file LoadedFromMemory doesn't match image C:\Users\demim\Github\Building-Playful-Worlds-2\Building Playful Worlds 2\Library\PackageCache\com.unity.visualscripting@1.8.0\Editor\VisualScripting.Core\Dependencies\DotNetZip\Unity.VisualScripting.IonicZip.dll
Native extension for WindowsStandalone target not found
Native extension for WebGL target not found
Refreshing native plugins compatible for Editor in 0.75 ms, found 3 plugins.
Preloading 0 native plugins for Editor in 0.00 ms.
Mono: successfully reloaded assembly
- Completed reload, in  1.360 seconds
Domain Reload Profiling:
	ReloadAssembly (1360ms)
		BeginReloadAssembly (175ms)
			ExecutionOrderSort (0ms)
			DisableScriptedObjects (6ms)
			BackupInstance (0ms)
			ReleaseScriptingObjects (0ms)
			CreateAndSetChildDomain (47ms)
		EndReloadAssembly (1077ms)
			LoadAssemblies (117ms)
			RebuildTransferFunctionScriptingTraits (0ms)
			SetupTypeCache (320ms)
			ReleaseScriptCaches (2ms)
			RebuildScriptCaches (63ms)
			SetupLoadedEditorAssemblies (538ms)
				LogAssemblyErrors (0ms)
				InitializePlatformSupportModulesInManaged (8ms)
				SetLoadedEditorAssemblies (1ms)
				RefreshPlugins (1ms)
				BeforeProcessingInitializeOnLoad (99ms)
				ProcessInitializeOnLoadAttributes (391ms)
				ProcessInitializeOnLoadMethodAttributes (31ms)
				AfterProcessingInitializeOnLoad (7ms)
				EditorAssembliesLoaded (0ms)
			ExecutionOrderSort2 (0ms)
			AwakeInstancesAfterBackupRestoration (7ms)
Platform modules already initialized, skipping
Refreshing native plugins compatible for Editor in 1.88 ms, found 3 plugins.
Preloading 0 native plugins for Editor in 0.00 ms.
Unloading 3479 Unused Serialized files (Serialized files now loaded: 0)
Unloading 40 unused Assets / (2.8 MB). Loaded Objects now: 4080.
Memory consumption went from 227.7 MB to 224.9 MB.
Total: 4.424500 ms (FindLiveObjects: 0.270900 ms CreateObjectMapping: 0.141500 ms MarkObjects: 3.365600 ms  DeleteObjects: 0.644900 ms)

AssetImportParameters requested are different than current active one (requested -> active):
  custom:video-decoder-ogg-theora: a1e56fd34408186e4bbccfd4996cb3dc -> 
  custom:container-muxer-webm: aa71ff27fc2769a1b78a27578f13a17b -> 
  custom:container-demuxer-webm: 4f35f7cbe854078d1ac9338744f61a02 -> 
  custom:video-encoder-webm-vp8: eb34c28f22e8b96e1ab97ce403110664 -> 
  custom:CustomObjectIndexerAttribute: bc11b3a6c3213fcdd17b65e7da85e133 -> 
  custom:audio-encoder-webm-vorbis: bf7c407c2cedff20999df2af8eb42d56 -> 
  custom:framework-win-MediaFoundation: 216162199b28c13a410421893ffa2e32 -> 
  custom:container-demuxer-ogg: 62fdf1f143b41e24485cea50d1cbac27 -> 
  custom:video-decoder-webm-vp8: 9c59270c3fd7afecdb556c50c9e8de78 -> 
  custom:audio-decoder-ogg-vorbis: bf7c407c2cedff20999df2af8eb42d56 -> 
========================================================================
Received Prepare
Registering precompiled user dll's ...
Registered in 0.004720 seconds.
Begin MonoManager ReloadAssembly
Symbol file LoadedFromMemory doesn't match image C:\Users\demim\Github\Building-Playful-Worlds-2\Building Playful Worlds 2\Library\PackageCache\com.unity.visualscripting@1.8.0\Editor\VisualScripting.Core\Dependencies\YamlDotNet\Unity.VisualScripting.YamlDotNet.dll
Symbol file LoadedFromMemory doesn't match image C:\Users\demim\Github\Building-Playful-Worlds-2\Building Playful Worlds 2\Library\PackageCache\com.unity.visualscripting@1.8.0\Editor\VisualScripting.Core\Dependencies\DotNetZip\Unity.VisualScripting.IonicZip.dll
Native extension for WindowsStandalone target not found
Native extension for WebGL target not found
Refreshing native plugins compatible for Editor in 1.25 ms, found 3 plugins.
Preloading 0 native plugins for Editor in 0.00 ms.
Mono: successfully reloaded assembly
- Completed reload, in  1.373 seconds
Domain Reload Profiling:
	ReloadAssembly (1374ms)
		BeginReloadAssembly (172ms)
			ExecutionOrderSort (0ms)
			DisableScriptedObjects (6ms)
			BackupInstance (0ms)
			ReleaseScriptingObjects (0ms)
			CreateAndSetChildDomain (45ms)
		EndReloadAssembly (1089ms)
			LoadAssemblies (109ms)
			RebuildTransferFunctionScriptingTraits (0ms)
			SetupTypeCache (322ms)
			ReleaseScriptCaches (2ms)
			RebuildScriptCaches (60ms)
			SetupLoadedEditorAssemblies (536ms)
				LogAssemblyErrors (0ms)
				InitializePlatformSupportModulesInManaged (9ms)
				SetLoadedEditorAssemblies (1ms)
				RefreshPlugins (1ms)
				BeforeProcessingInitializeOnLoad (80ms)
				ProcessInitializeOnLoadAttributes (409ms)
				ProcessInitializeOnLoadMethodAttributes (29ms)
				AfterProcessingInitializeOnLoad (7ms)
				EditorAssembliesLoaded (0ms)
			ExecutionOrderSort2 (0ms)
			AwakeInstancesAfterBackupRestoration (7ms)
Platform modules already initialized, skipping
Refreshing native plugins compatible for Editor in 1.74 ms, found 3 plugins.
Preloading 0 native plugins for Editor in 0.00 ms.
Unloading 3479 Unused Serialized files (Serialized files now loaded: 0)
Unloading 40 unused Assets / (2.8 MB). Loaded Objects now: 4095.
Memory consumption went from 227.7 MB to 224.9 MB.
Total: 3.893000 ms (FindLiveObjects: 0.254000 ms CreateObjectMapping: 0.126200 ms MarkObjects: 3.019300 ms  DeleteObjects: 0.491900 ms)

AssetImportParameters requested are different than current active one (requested -> active):
  custom:video-decoder-ogg-theora: a1e56fd34408186e4bbccfd4996cb3dc -> 
  custom:container-muxer-webm: aa71ff27fc2769a1b78a27578f13a17b -> 
  custom:container-demuxer-webm: 4f35f7cbe854078d1ac9338744f61a02 -> 
  custom:video-encoder-webm-vp8: eb34c28f22e8b96e1ab97ce403110664 -> 
  custom:CustomObjectIndexerAttribute: bc11b3a6c3213fcdd17b65e7da85e133 -> 
  custom:audio-encoder-webm-vorbis: bf7c407c2cedff20999df2af8eb42d56 -> 
  custom:framework-win-MediaFoundation: 216162199b28c13a410421893ffa2e32 -> 
  custom:container-demuxer-ogg: 62fdf1f143b41e24485cea50d1cbac27 -> 
  custom:video-decoder-webm-vp8: 9c59270c3fd7afecdb556c50c9e8de78 -> 
  custom:audio-decoder-ogg-vorbis: bf7c407c2cedff20999df2af8eb42d56 -> 
========================================================================
Received Prepare
Registering precompiled user dll's ...
Registered in 0.005519 seconds.
Begin MonoManager ReloadAssembly
Symbol file LoadedFromMemory doesn't match image C:\Users\demim\Github\Building-Playful-Worlds-2\Building Playful Worlds 2\Library\PackageCache\com.unity.visualscripting@1.8.0\Editor\VisualScripting.Core\Dependencies\YamlDotNet\Unity.VisualScripting.YamlDotNet.dll
Symbol file LoadedFromMemory doesn't match image C:\Users\demim\Github\Building-Playful-Worlds-2\Building Playful Worlds 2\Library\PackageCache\com.unity.visualscripting@1.8.0\Editor\VisualScripting.Core\Dependencies\DotNetZip\Unity.VisualScripting.IonicZip.dll
Native extension for WindowsStandalone target not found
Native extension for WebGL target not found
Refreshing native plugins compatible for Editor in 1.00 ms, found 3 plugins.
Preloading 0 native plugins for Editor in 0.00 ms.
Mono: successfully reloaded assembly
- Completed reload, in  1.384 seconds
Domain Reload Profiling:
	ReloadAssembly (1387ms)
		BeginReloadAssembly (173ms)
			ExecutionOrderSort (0ms)
			DisableScriptedObjects (5ms)
			BackupInstance (0ms)
			ReleaseScriptingObjects (0ms)
			CreateAndSetChildDomain (48ms)
		EndReloadAssembly (1100ms)
			LoadAssemblies (105ms)
			RebuildTransferFunctionScriptingTraits (0ms)
			SetupTypeCache (340ms)
			ReleaseScriptCaches (2ms)
			RebuildScriptCaches (54ms)
			SetupLoadedEditorAssemblies (557ms)
				LogAssemblyErrors (0ms)
				InitializePlatformSupportModulesInManaged (9ms)
				SetLoadedEditorAssemblies (1ms)
				RefreshPlugins (1ms)
				BeforeProcessingInitializeOnLoad (77ms)
				ProcessInitializeOnLoadAttributes (434ms)
				ProcessInitializeOnLoadMethodAttributes (29ms)
				AfterProcessingInitializeOnLoad (6ms)
				EditorAssembliesLoaded (0ms)
			ExecutionOrderSort2 (0ms)
			AwakeInstancesAfterBackupRestoration (8ms)
Platform modules already initialized, skipping
Refreshing native plugins compatible for Editor in 1.79 ms, found 3 plugins.
Preloading 0 native plugins for Editor in 0.00 ms.
Unloading 3479 Unused Serialized files (Serialized files now loaded: 0)
Unloading 40 unused Assets / (2.8 MB). Loaded Objects now: 4110.
Memory consumption went from 227.7 MB to 225.0 MB.
Total: 5.359600 ms (FindLiveObjects: 0.454100 ms CreateObjectMapping: 0.294300 ms MarkObjects: 4.017000 ms  DeleteObjects: 0.592400 ms)

AssetImportParameters requested are different than current active one (requested -> active):
  custom:video-decoder-ogg-theora: a1e56fd34408186e4bbccfd4996cb3dc -> 
  custom:container-muxer-webm: aa71ff27fc2769a1b78a27578f13a17b -> 
  custom:container-demuxer-webm: 4f35f7cbe854078d1ac9338744f61a02 -> 
  custom:video-encoder-webm-vp8: eb34c28f22e8b96e1ab97ce403110664 -> 
  custom:CustomObjectIndexerAttribute: bc11b3a6c3213fcdd17b65e7da85e133 -> 
  custom:audio-encoder-webm-vorbis: bf7c407c2cedff20999df2af8eb42d56 -> 
  custom:framework-win-MediaFoundation: 216162199b28c13a410421893ffa2e32 -> 
  custom:container-demuxer-ogg: 62fdf1f143b41e24485cea50d1cbac27 -> 
  custom:video-decoder-webm-vp8: 9c59270c3fd7afecdb556c50c9e8de78 -> 
  custom:audio-decoder-ogg-vorbis: bf7c407c2cedff20999df2af8eb42d56 -> 
