Using pre-set license
Built from '2021.3/staging' branch; Version is '2021.3.29f1 (204d6dc9ae1c) revision 2116973'; Using compiler version '192829333'; Build Type 'Release'
OS: 'Windows 11  (10.0.22631) 64bit Core' Language: 'en' Physical Memory: 16010 MB
BatchMode: 1, IsHumanControllingUs: 0, StartBugReporterOnCrash: 0, Is64bit: 1, IsPro: 1

COMMAND LINE ARGUMENTS:
C:\Program Files\Unity\Hub\Editor\2021.3.29f1\Editor\Unity.exe
-adb2
-batchMode
-noUpm
-name
AssetImportWorker6
-projectPath
C:/Users/demim/Github/Building-Playful-Worlds-2/Building Playful Worlds 2
-logFile
Logs/AssetImportWorker6.log
-srvPort
64628
Successfully changed project path to: C:/Users/demim/Github/Building-Playful-Worlds-2/Building Playful Worlds 2
C:/Users/demim/Github/Building-Playful-Worlds-2/Building Playful Worlds 2
[UnityMemory] Configuration Parameters - Can be set up in boot.config
    "memorysetup-bucket-allocator-granularity=16"
    "memorysetup-bucket-allocator-bucket-count=8"
    "memorysetup-bucket-allocator-block-size=33554432"
    "memorysetup-bucket-allocator-block-count=8"
    "memorysetup-main-allocator-block-size=16777216"
    "memorysetup-thread-allocator-block-size=16777216"
    "memorysetup-gfx-main-allocator-block-size=16777216"
    "memorysetup-gfx-thread-allocator-block-size=16777216"
    "memorysetup-cache-allocator-block-size=4194304"
    "memorysetup-typetree-allocator-block-size=2097152"
    "memorysetup-profiler-bucket-allocator-granularity=16"
    "memorysetup-profiler-bucket-allocator-bucket-count=8"
    "memorysetup-profiler-bucket-allocator-block-size=33554432"
    "memorysetup-profiler-bucket-allocator-block-count=8"
    "memorysetup-profiler-allocator-block-size=16777216"
    "memorysetup-profiler-editor-allocator-block-size=1048576"
    "memorysetup-temp-allocator-size-main=16777216"
    "memorysetup-job-temp-allocator-block-size=2097152"
    "memorysetup-job-temp-allocator-block-size-background=1048576"
    "memorysetup-job-temp-allocator-reduction-small-platforms=262144"
    "memorysetup-temp-allocator-size-background-worker=32768"
    "memorysetup-temp-allocator-size-job-worker=262144"
    "memorysetup-temp-allocator-size-preload-manager=33554432"
    "memorysetup-temp-allocator-size-nav-mesh-worker=65536"
    "memorysetup-temp-allocator-size-audio-worker=65536"
    "memorysetup-temp-allocator-size-cloud-worker=32768"
    "memorysetup-temp-allocator-size-gi-baking-worker=262144"
    "memorysetup-temp-allocator-size-gfx=262144"
Player connection [10656] Host "[IP] 192.168.68.114 [Port] 0 [Flags] 2 [Guid] 208059385 [EditorId] 208059385 [Version] 1048832 [Id] WindowsEditor(7,Lun) [Debug] 1 [PackageName] WindowsEditor [ProjectName] Editor" joined multi-casting on [225.0.0.222:54997]...

Player connection [10656] Host "[IP] 192.168.68.114 [Port] 0 [Flags] 2 [Guid] 208059385 [EditorId] 208059385 [Version] 1048832 [Id] WindowsEditor(7,Lun) [Debug] 1 [PackageName] WindowsEditor [ProjectName] Editor" joined alternative multi-casting on [225.0.0.222:34997]...

Refreshing native plugins compatible for Editor in 136.66 ms, found 3 plugins.
Preloading 0 native plugins for Editor in 0.00 ms.
Initialize engine version: 2021.3.29f1 (204d6dc9ae1c)
[Subsystems] Discovering subsystems at path C:/Program Files/Unity/Hub/Editor/2021.3.29f1/Editor/Data/Resources/UnitySubsystems
[Subsystems] Discovering subsystems at path C:/Users/demim/Github/Building-Playful-Worlds-2/Building Playful Worlds 2/Assets
GfxDevice: creating device client; threaded=0; jobified=0
Direct3D:
    Version:  Direct3D 11.0 [level 11.1]
    Renderer: NVIDIA GeForce RTX 3050 Laptop GPU (ID=0x25a2)
    Vendor:   NVIDIA
    VRAM:     3964 MB
    Driver:   31.0.15.5161
Initialize mono
Mono path[0] = 'C:/Program Files/Unity/Hub/Editor/2021.3.29f1/Editor/Data/Managed'
Mono path[1] = 'C:/Program Files/Unity/Hub/Editor/2021.3.29f1/Editor/Data/MonoBleedingEdge/lib/mono/unityjit-win32'
Mono config path = 'C:/Program Files/Unity/Hub/Editor/2021.3.29f1/Editor/Data/MonoBleedingEdge/etc'
Using monoOptions --debugger-agent=transport=dt_socket,embedding=1,server=y,suspend=n,address=127.0.0.1:56204
Begin MonoManager ReloadAssembly
Registering precompiled unity dll's ...
Register platform support module: C:/Program Files/Unity/Hub/Editor/2021.3.29f1/Editor/Data/PlaybackEngines/WebGLSupport/UnityEditor.WebGL.Extensions.dll
Register platform support module: C:/Program Files/Unity/Hub/Editor/2021.3.29f1/Editor/Data/PlaybackEngines/WindowsStandaloneSupport/UnityEditor.WindowsStandalone.Extensions.dll
Registered in 0.006453 seconds.
Native extension for WindowsStandalone target not found
Native extension for WebGL target not found
Refreshing native plugins compatible for Editor in 109.43 ms, found 3 plugins.
Preloading 0 native plugins for Editor in 0.00 ms.
Mono: successfully reloaded assembly
- Completed reload, in  1.110 seconds
Domain Reload Profiling:
	ReloadAssembly (1110ms)
		BeginReloadAssembly (336ms)
			ExecutionOrderSort (0ms)
			DisableScriptedObjects (0ms)
			BackupInstance (0ms)
			ReleaseScriptingObjects (0ms)
			CreateAndSetChildDomain (1ms)
		EndReloadAssembly (597ms)
			LoadAssemblies (334ms)
			RebuildTransferFunctionScriptingTraits (0ms)
			SetupTypeCache (131ms)
			ReleaseScriptCaches (0ms)
			RebuildScriptCaches (35ms)
			SetupLoadedEditorAssemblies (363ms)
				LogAssemblyErrors (0ms)
				InitializePlatformSupportModulesInManaged (11ms)
				SetLoadedEditorAssemblies (0ms)
				RefreshPlugins (110ms)
				BeforeProcessingInitializeOnLoad (2ms)
				ProcessInitializeOnLoadAttributes (176ms)
				ProcessInitializeOnLoadMethodAttributes (64ms)
				AfterProcessingInitializeOnLoad (0ms)
				EditorAssembliesLoaded (0ms)
			ExecutionOrderSort2 (0ms)
			AwakeInstancesAfterBackupRestoration (0ms)
Platform modules already initialized, skipping
Registering precompiled user dll's ...
Registered in 0.005647 seconds.
Begin MonoManager ReloadAssembly
Symbol file LoadedFromMemory doesn't match image C:\Users\demim\Github\Building-Playful-Worlds-2\Building Playful Worlds 2\Library\PackageCache\com.unity.visualscripting@1.8.0\Editor\VisualScripting.Core\Dependencies\YamlDotNet\Unity.VisualScripting.YamlDotNet.dll
Symbol file LoadedFromMemory doesn't match image C:\Users\demim\Github\Building-Playful-Worlds-2\Building Playful Worlds 2\Library\PackageCache\com.unity.visualscripting@1.8.0\Editor\VisualScripting.Core\Dependencies\DotNetZip\Unity.VisualScripting.IonicZip.dll
Native extension for WindowsStandalone target not found
Native extension for WebGL target not found
Refreshing native plugins compatible for Editor in 101.59 ms, found 3 plugins.
Preloading 0 native plugins for Editor in 0.00 ms.
Mono: successfully reloaded assembly
- Completed reload, in  1.834 seconds
Domain Reload Profiling:
	ReloadAssembly (1835ms)
		BeginReloadAssembly (166ms)
			ExecutionOrderSort (0ms)
			DisableScriptedObjects (7ms)
			BackupInstance (0ms)
			ReleaseScriptingObjects (0ms)
			CreateAndSetChildDomain (22ms)
		EndReloadAssembly (1246ms)
			LoadAssemblies (147ms)
			RebuildTransferFunctionScriptingTraits (0ms)
			SetupTypeCache (337ms)
			ReleaseScriptCaches (1ms)
			RebuildScriptCaches (67ms)
			SetupLoadedEditorAssemblies (677ms)
				LogAssemblyErrors (0ms)
				InitializePlatformSupportModulesInManaged (6ms)
				SetLoadedEditorAssemblies (0ms)
				RefreshPlugins (102ms)
				BeforeProcessingInitializeOnLoad (96ms)
				ProcessInitializeOnLoadAttributes (443ms)
				ProcessInitializeOnLoadMethodAttributes (24ms)
				AfterProcessingInitializeOnLoad (7ms)
				EditorAssembliesLoaded (0ms)
			ExecutionOrderSort2 (0ms)
			AwakeInstancesAfterBackupRestoration (8ms)
Platform modules already initialized, skipping
========================================================================
Worker process is ready to serve import requests
Launched and connected shader compiler UnityShaderCompiler.exe after 0.10 seconds
Refreshing native plugins compatible for Editor in 1.00 ms, found 3 plugins.
Preloading 0 native plugins for Editor in 0.00 ms.
Unloading 3582 Unused Serialized files (Serialized files now loaded: 0)
Unloading 69 unused Assets / (2.8 MB). Loaded Objects now: 4064.
Memory consumption went from 234.9 MB to 232.1 MB.
Total: 5.081900 ms (FindLiveObjects: 0.415400 ms CreateObjectMapping: 0.160700 ms MarkObjects: 3.639700 ms  DeleteObjects: 0.863500 ms)

AssetImportParameters requested are different than current active one (requested -> active):
  custom:video-decoder-ogg-theora: a1e56fd34408186e4bbccfd4996cb3dc -> 
  custom:container-muxer-webm: aa71ff27fc2769a1b78a27578f13a17b -> 
  custom:container-demuxer-webm: 4f35f7cbe854078d1ac9338744f61a02 -> 
  custom:video-encoder-webm-vp8: eb34c28f22e8b96e1ab97ce403110664 -> 
  custom:CustomObjectIndexerAttribute: bc11b3a6c3213fcdd17b65e7da85e133 -> 
  custom:audio-encoder-webm-vorbis: bf7c407c2cedff20999df2af8eb42d56 -> 
  custom:framework-win-MediaFoundation: 216162199b28c13a410421893ffa2e32 -> 
  custom:container-demuxer-ogg: 62fdf1f143b41e24485cea50d1cbac27 -> 
  custom:video-decoder-webm-vp8: 9c59270c3fd7afecdb556c50c9e8de78 -> 
  custom:audio-decoder-ogg-vorbis: bf7c407c2cedff20999df2af8eb42d56 -> 
========================================================================
Received Import Request.
  Time since last request: 1145700.359049 seconds.
  path: Assets/Models/Buildings/RPGPP_LT/Models/Structures/rpgpp_lt_building_02.fbx
  artifactKey: Guid(3ad660daf3a1e02458b9f3eca418861a) Importer(815301076,1909f56bfc062723c751e8b465ee728b)
Start importing Assets/Models/Buildings/RPGPP_LT/Models/Structures/rpgpp_lt_building_02.fbx using Guid(3ad660daf3a1e02458b9f3eca418861a) Importer(815301076,1909f56bfc062723c751e8b465ee728b)  -> (artifact id: '6faaf894c92ce0a2acee9c6994a52a13') in 0.277497 seconds 
========================================================================
Received Import Request.
  Time since last request: 4.252085 seconds.
  path: Assets/Models/Buildings/simple_low_poly_village_buildings/models/carrot1.prefab
  artifactKey: Guid(4bf49eda5e7f0bc4fa63c52b937a633a) Importer(815301076,1909f56bfc062723c751e8b465ee728b)
Start importing Assets/Models/Buildings/simple_low_poly_village_buildings/models/carrot1.prefab using Guid(4bf49eda5e7f0bc4fa63c52b937a633a) Importer(815301076,1909f56bfc062723c751e8b465ee728b)  -> (artifact id: '3667ca1303ce3240f0edbe3e266cb40d') in 0.116810 seconds 
========================================================================
Received Import Request.
  Time since last request: 0.000127 seconds.
  path: Assets/Models/Buildings/simple_low_poly_village_buildings/models/farm_house_lvl3.prefab
  artifactKey: Guid(01d8db7f314b2504284646720569ebee) Importer(815301076,1909f56bfc062723c751e8b465ee728b)
Start importing Assets/Models/Buildings/simple_low_poly_village_buildings/models/farm_house_lvl3.prefab using Guid(01d8db7f314b2504284646720569ebee) Importer(815301076,1909f56bfc062723c751e8b465ee728b)  -> (artifact id: '74db8200c267ad7500c27c8a48bce259') in 0.116503 seconds 
========================================================================
Received Import Request.
  Time since last request: 0.000043 seconds.
  path: Assets/Models/Buildings/simple_low_poly_village_buildings/models/farm_house_lvl7.prefab
  artifactKey: Guid(2c121b1857a760c4f9ef7b0e4b09864c) Importer(815301076,1909f56bfc062723c751e8b465ee728b)
Start importing Assets/Models/Buildings/simple_low_poly_village_buildings/models/farm_house_lvl7.prefab using Guid(2c121b1857a760c4f9ef7b0e4b09864c) Importer(815301076,1909f56bfc062723c751e8b465ee728b)  -> (artifact id: '2ae8defeaed2cc5e5439599156fc9e23') in 0.098283 seconds 
========================================================================
Received Import Request.
  Time since last request: 0.000034 seconds.
  path: Assets/Models/Buildings/simple_low_poly_village_buildings/models/farm_house_lvl2.prefab
  artifactKey: Guid(65ead04d94056194d871a15a66397d18) Importer(815301076,1909f56bfc062723c751e8b465ee728b)
Start importing Assets/Models/Buildings/simple_low_poly_village_buildings/models/farm_house_lvl2.prefab using Guid(65ead04d94056194d871a15a66397d18) Importer(815301076,1909f56bfc062723c751e8b465ee728b)  -> (artifact id: 'f6007b2380845123465c2d78cf95b82b') in 0.380100 seconds 
========================================================================
Received Import Request.
  Time since last request: 0.000029 seconds.
  path: Assets/Models/Buildings/simple_low_poly_village_buildings/models/farm_lvl3.prefab
  artifactKey: Guid(39602244c4b0f5849bdf3b872af2d4a2) Importer(815301076,1909f56bfc062723c751e8b465ee728b)
Start importing Assets/Models/Buildings/simple_low_poly_village_buildings/models/farm_lvl3.prefab using Guid(39602244c4b0f5849bdf3b872af2d4a2) Importer(815301076,1909f56bfc062723c751e8b465ee728b)  -> (artifact id: '93a19b33e7ad6d890faa34017761f77f') in 0.078975 seconds 
========================================================================
Received Import Request.
  Time since last request: 0.000033 seconds.
  path: Assets/Models/Buildings/simple_low_poly_village_buildings/models/farm_house_lvl1.prefab
  artifactKey: Guid(21d42ff46295d4a4da6da6d0d1b33631) Importer(815301076,1909f56bfc062723c751e8b465ee728b)
Start importing Assets/Models/Buildings/simple_low_poly_village_buildings/models/farm_house_lvl1.prefab using Guid(21d42ff46295d4a4da6da6d0d1b33631) Importer(815301076,1909f56bfc062723c751e8b465ee728b)  -> (artifact id: '06500ffdecd477597aa0704a0a333145') in 0.070748 seconds 
========================================================================
Received Import Request.
  Time since last request: 54.654773 seconds.
  path: Assets/Models/Buildings/Low-Poly Medieval Market/Models/FBX Weapon market/blacksmith_hammer.fbx
  artifactKey: Guid(08c36fd1bcfd64446a57573b7990d6ed) Importer(815301076,1909f56bfc062723c751e8b465ee728b)
Start importing Assets/Models/Buildings/Low-Poly Medieval Market/Models/FBX Weapon market/blacksmith_hammer.fbx using Guid(08c36fd1bcfd64446a57573b7990d6ed) Importer(815301076,1909f56bfc062723c751e8b465ee728b)  -> (artifact id: '9a8c0be0dde61b8ef4ccf157cc04eb38') in 0.109662 seconds 
========================================================================
Received Import Request.
  Time since last request: 0.000045 seconds.
  path: Assets/Models/Buildings/Low-Poly Medieval Market/Models/FBX Weapon market/weapon_rack.fbx
  artifactKey: Guid(194e6bf9f0957564f8a3e8d9413d687c) Importer(815301076,1909f56bfc062723c751e8b465ee728b)
Start importing Assets/Models/Buildings/Low-Poly Medieval Market/Models/FBX Weapon market/weapon_rack.fbx using Guid(194e6bf9f0957564f8a3e8d9413d687c) Importer(815301076,1909f56bfc062723c751e8b465ee728b)  -> (artifact id: '7dab47cc3f8e464dd235b315d9e9992b') in 0.122331 seconds 
========================================================================
Received Import Request.
  Time since last request: 0.000120 seconds.
  path: Assets/Models/Buildings/Low-Poly Medieval Market/Models/FBX Weapon market/weapon_market.fbx
  artifactKey: Guid(e28ceaa25c451bb479f01c21f8503ccf) Importer(815301076,1909f56bfc062723c751e8b465ee728b)
Start importing Assets/Models/Buildings/Low-Poly Medieval Market/Models/FBX Weapon market/weapon_market.fbx using Guid(e28ceaa25c451bb479f01c21f8503ccf) Importer(815301076,1909f56bfc062723c751e8b465ee728b)  -> (artifact id: '0762dda26a07f8a5a82321c422e6026d') in 0.149178 seconds 
========================================================================
Received Import Request.
  Time since last request: 0.000035 seconds.
  path: Assets/Models/Buildings/Low-Poly Medieval Market/Models/FBX Weapon market/two_handed_hammer.fbx
  artifactKey: Guid(2e45c1c225716ea4484d5bee1aa394c3) Importer(815301076,1909f56bfc062723c751e8b465ee728b)
Start importing Assets/Models/Buildings/Low-Poly Medieval Market/Models/FBX Weapon market/two_handed_hammer.fbx using Guid(2e45c1c225716ea4484d5bee1aa394c3) Importer(815301076,1909f56bfc062723c751e8b465ee728b)  -> (artifact id: '989fd66e88b328c278cb0b649af036ca') in 0.055414 seconds 
========================================================================
Received Import Request.
  Time since last request: 95.971442 seconds.
  path: Assets/Low Poly Pack - Environment Lite
  artifactKey: Guid(104ac34e2fa657d48b5a7d01358fae2b) Importer(815301076,1909f56bfc062723c751e8b465ee728b)
Start importing Assets/Low Poly Pack - Environment Lite using Guid(104ac34e2fa657d48b5a7d01358fae2b) Importer(815301076,1909f56bfc062723c751e8b465ee728b)  -> (artifact id: 'd4dffe583cf095572ea985f8f1c5572b') in 0.022825 seconds 
========================================================================
Received Import Request.
  Time since last request: 6.360308 seconds.
  path: Assets/Models/Buildings/Low Poly Pack - Environment Lite/Models
  artifactKey: Guid(784670f89210bdc41a8cdcf2fbe5a9ee) Importer(815301076,1909f56bfc062723c751e8b465ee728b)
Start importing Assets/Models/Buildings/Low Poly Pack - Environment Lite/Models using Guid(784670f89210bdc41a8cdcf2fbe5a9ee) Importer(815301076,1909f56bfc062723c751e8b465ee728b)  -> (artifact id: '87f55cc91062cfd31c8d9d724cd4f6f1') in 0.072710 seconds 
========================================================================
Received Import Request.
  Time since last request: 1.203195 seconds.
  path: Assets/Models/Buildings/Low Poly Pack - Environment Lite/Models/Bridges
  artifactKey: Guid(9f0792e11549a7c43870401fc6b486a1) Importer(815301076,1909f56bfc062723c751e8b465ee728b)
Start importing Assets/Models/Buildings/Low Poly Pack - Environment Lite/Models/Bridges using Guid(9f0792e11549a7c43870401fc6b486a1) Importer(815301076,1909f56bfc062723c751e8b465ee728b)  -> (artifact id: 'd1a7ea6e2386cc9f4462e1af19d61a44') in 0.085056 seconds 
========================================================================
Received Import Request.
  Time since last request: 0.000048 seconds.
  path: Assets/Models/Buildings/Low Poly Pack - Environment Lite/Models/Bridges/Bridge_4_2.fbx
  artifactKey: Guid(5df7984ec7d115e489379d6c5f095d71) Importer(815301076,1909f56bfc062723c751e8b465ee728b)
Start importing Assets/Models/Buildings/Low Poly Pack - Environment Lite/Models/Bridges/Bridge_4_2.fbx using Guid(5df7984ec7d115e489379d6c5f095d71) Importer(815301076,1909f56bfc062723c751e8b465ee728b)  -> (artifact id: '19774b7df72c5025ed3be261c15dd3d2') in 0.041914 seconds 
========================================================================
Received Import Request.
  Time since last request: 69.923302 seconds.
  path: Assets/Models/Buildings/Low Poly Pack - Environment Lite/Models/Boxes
  artifactKey: Guid(b3589d6fb30fefb4a983ffb4dadcd677) Importer(815301076,1909f56bfc062723c751e8b465ee728b)
Start importing Assets/Models/Buildings/Low Poly Pack - Environment Lite/Models/Boxes using Guid(b3589d6fb30fefb4a983ffb4dadcd677) Importer(815301076,1909f56bfc062723c751e8b465ee728b)  -> (artifact id: '1a0798ba3d8b3c29243f4920646280d0') in 0.040765 seconds 
========================================================================
Received Import Request.
  Time since last request: 0.027245 seconds.
  path: Assets/Models/Buildings/Low Poly Pack - Environment Lite/Models/Boxes/Bag_1_1.fbx
  artifactKey: Guid(b742971ad36a58746923127f7331393d) Importer(815301076,1909f56bfc062723c751e8b465ee728b)
Start importing Assets/Models/Buildings/Low Poly Pack - Environment Lite/Models/Boxes/Bag_1_1.fbx using Guid(b742971ad36a58746923127f7331393d) Importer(815301076,1909f56bfc062723c751e8b465ee728b)  -> (artifact id: '775c91aeda9165272453bbcdb41af79a') in 0.268923 seconds 
========================================================================
Received Import Request.
  Time since last request: 0.000055 seconds.
  path: Assets/Models/Buildings/Low Poly Pack - Environment Lite/Models/Boxes/Bottle_1_6.fbx
  artifactKey: Guid(2551886087dc5c947b01480c803856b1) Importer(815301076,1909f56bfc062723c751e8b465ee728b)
Start importing Assets/Models/Buildings/Low Poly Pack - Environment Lite/Models/Boxes/Bottle_1_6.fbx using Guid(2551886087dc5c947b01480c803856b1) Importer(815301076,1909f56bfc062723c751e8b465ee728b)  -> (artifact id: 'a823dd8c431dc7e68a5034e04301807a') in 0.066444 seconds 
========================================================================
Received Import Request.
  Time since last request: 0.000049 seconds.
  path: Assets/Models/Buildings/Low Poly Pack - Environment Lite/Models/Boxes/Bucket_1_1.fbx
  artifactKey: Guid(05fa40e5fb8bce74cbeb63737cf4f7bf) Importer(815301076,1909f56bfc062723c751e8b465ee728b)
Start importing Assets/Models/Buildings/Low Poly Pack - Environment Lite/Models/Boxes/Bucket_1_1.fbx using Guid(05fa40e5fb8bce74cbeb63737cf4f7bf) Importer(815301076,1909f56bfc062723c751e8b465ee728b)  -> (artifact id: 'f179c2996de8e8a0e2b4987fc3a05033') in 0.274707 seconds 
========================================================================
Received Import Request.
  Time since last request: 0.000049 seconds.
  path: Assets/Models/Buildings/Low Poly Pack - Environment Lite/Models/Boxes/Box_2_1.fbx
  artifactKey: Guid(70eea3c701d6c354f9c7658406af7b32) Importer(815301076,1909f56bfc062723c751e8b465ee728b)
Start importing Assets/Models/Buildings/Low Poly Pack - Environment Lite/Models/Boxes/Box_2_1.fbx using Guid(70eea3c701d6c354f9c7658406af7b32) Importer(815301076,1909f56bfc062723c751e8b465ee728b)  -> (artifact id: '26a74fa0d5ebc180ed5c79f1bef6d2f1') in 0.132966 seconds 
========================================================================
Received Import Request.
  Time since last request: 0.000048 seconds.
  path: Assets/Models/Buildings/Low Poly Pack - Environment Lite/Models/Boxes/Chest_1_7.fbx
  artifactKey: Guid(d178055267feeae4290bf69923da0f19) Importer(815301076,1909f56bfc062723c751e8b465ee728b)
Start importing Assets/Models/Buildings/Low Poly Pack - Environment Lite/Models/Boxes/Chest_1_7.fbx using Guid(d178055267feeae4290bf69923da0f19) Importer(815301076,1909f56bfc062723c751e8b465ee728b)  -> (artifact id: '4d14ad7e9b43b5f3c9e60e1bd126362e') in 0.052745 seconds 
========================================================================
Received Import Request.
  Time since last request: 26.971887 seconds.
  path: Assets/Models/Buildings/Low Poly Pack - Environment Lite/Models/Carts/Cart_2_4.fbx
  artifactKey: Guid(7d209b9ebe39f064f92a59cada7dca87) Importer(815301076,1909f56bfc062723c751e8b465ee728b)
Start importing Assets/Models/Buildings/Low Poly Pack - Environment Lite/Models/Carts/Cart_2_4.fbx using Guid(7d209b9ebe39f064f92a59cada7dca87) Importer(815301076,1909f56bfc062723c751e8b465ee728b)  -> (artifact id: 'f1ff1b00fcab488a19441fa04b096802') in 0.130112 seconds 
========================================================================
Received Import Request.
  Time since last request: 9.163320 seconds.
  path: Assets/Models/Buildings/Low Poly Pack - Environment Lite/Models/Gates/Column_1_1.fbx
  artifactKey: Guid(0b27042ea808b9c4d807866e61e54387) Importer(815301076,1909f56bfc062723c751e8b465ee728b)
Start importing Assets/Models/Buildings/Low Poly Pack - Environment Lite/Models/Gates/Column_1_1.fbx using Guid(0b27042ea808b9c4d807866e61e54387) Importer(815301076,1909f56bfc062723c751e8b465ee728b)  -> (artifact id: '1dd9710ccf22132e85a7ec8ad7e3f94e') in 0.355899 seconds 
Editor requested this worker to shutdown with reason: Scaling down because of idle timeout
AssetImportWorker is now disconnected from the server
Process exiting
Exiting without the bug reporter. Application will terminate with return code 0