Using pre-set license
Built from '2021.3/staging' branch; Version is '2021.3.29f1 (204d6dc9ae1c) revision 2116973'; Using compiler version '192829333'; Build Type 'Release'
OS: 'Windows 11  (10.0.22631) 64bit Core' Language: 'en' Physical Memory: 16010 MB
BatchMode: 1, IsHumanControllingUs: 0, StartBugReporterOnCrash: 0, Is64bit: 1, IsPro: 1

COMMAND LINE ARGUMENTS:
C:\Program Files\Unity\Hub\Editor\2021.3.29f1\Editor\Unity.exe
-adb2
-batchMode
-noUpm
-name
AssetImportWorker8
-projectPath
C:/Users/demim/Github/Building-Playful-Worlds-2/Building Playful Worlds 2
-logFile
Logs/AssetImportWorker8.log
-srvPort
57918
Successfully changed project path to: C:/Users/demim/Github/Building-Playful-Worlds-2/Building Playful Worlds 2
C:/Users/demim/Github/Building-Playful-Worlds-2/Building Playful Worlds 2
[UnityMemory] Configuration Parameters - Can be set up in boot.config
    "memorysetup-bucket-allocator-granularity=16"
    "memorysetup-bucket-allocator-bucket-count=8"
    "memorysetup-bucket-allocator-block-size=33554432"
    "memorysetup-bucket-allocator-block-count=8"
    "memorysetup-main-allocator-block-size=16777216"
    "memorysetup-thread-allocator-block-size=16777216"
    "memorysetup-gfx-main-allocator-block-size=16777216"
    "memorysetup-gfx-thread-allocator-block-size=16777216"
    "memorysetup-cache-allocator-block-size=4194304"
    "memorysetup-typetree-allocator-block-size=2097152"
    "memorysetup-profiler-bucket-allocator-granularity=16"
    "memorysetup-profiler-bucket-allocator-bucket-count=8"
    "memorysetup-profiler-bucket-allocator-block-size=33554432"
    "memorysetup-profiler-bucket-allocator-block-count=8"
    "memorysetup-profiler-allocator-block-size=16777216"
    "memorysetup-profiler-editor-allocator-block-size=1048576"
    "memorysetup-temp-allocator-size-main=16777216"
    "memorysetup-job-temp-allocator-block-size=2097152"
    "memorysetup-job-temp-allocator-block-size-background=1048576"
    "memorysetup-job-temp-allocator-reduction-small-platforms=262144"
    "memorysetup-temp-allocator-size-background-worker=32768"
    "memorysetup-temp-allocator-size-job-worker=262144"
    "memorysetup-temp-allocator-size-preload-manager=33554432"
    "memorysetup-temp-allocator-size-nav-mesh-worker=65536"
    "memorysetup-temp-allocator-size-audio-worker=65536"
    "memorysetup-temp-allocator-size-cloud-worker=32768"
    "memorysetup-temp-allocator-size-gi-baking-worker=262144"
    "memorysetup-temp-allocator-size-gfx=262144"
Player connection [13792] Host "[IP] 10.3.26.32 [Port] 0 [Flags] 2 [Guid] 763756470 [EditorId] 763756470 [Version] 1048832 [Id] WindowsEditor(7,Lun) [Debug] 1 [PackageName] WindowsEditor [ProjectName] Editor" joined multi-casting on [225.0.0.222:54997]...

Player connection [13792] Host "[IP] 10.3.26.32 [Port] 0 [Flags] 2 [Guid] 763756470 [EditorId] 763756470 [Version] 1048832 [Id] WindowsEditor(7,Lun) [Debug] 1 [PackageName] WindowsEditor [ProjectName] Editor" joined alternative multi-casting on [225.0.0.222:34997]...

Refreshing native plugins compatible for Editor in 118.27 ms, found 3 plugins.
Preloading 0 native plugins for Editor in 0.00 ms.
Initialize engine version: 2021.3.29f1 (204d6dc9ae1c)
[Subsystems] Discovering subsystems at path C:/Program Files/Unity/Hub/Editor/2021.3.29f1/Editor/Data/Resources/UnitySubsystems
[Subsystems] Discovering subsystems at path C:/Users/demim/Github/Building-Playful-Worlds-2/Building Playful Worlds 2/Assets
GfxDevice: creating device client; threaded=0; jobified=0
Direct3D:
    Version:  Direct3D 11.0 [level 11.1]
    Renderer: NVIDIA GeForce RTX 3050 Laptop GPU (ID=0x25a2)
    Vendor:   NVIDIA
    VRAM:     3964 MB
    Driver:   31.0.15.5161
Initialize mono
Mono path[0] = 'C:/Program Files/Unity/Hub/Editor/2021.3.29f1/Editor/Data/Managed'
Mono path[1] = 'C:/Program Files/Unity/Hub/Editor/2021.3.29f1/Editor/Data/MonoBleedingEdge/lib/mono/unityjit-win32'
Mono config path = 'C:/Program Files/Unity/Hub/Editor/2021.3.29f1/Editor/Data/MonoBleedingEdge/etc'
Using monoOptions --debugger-agent=transport=dt_socket,embedding=1,server=y,suspend=n,address=127.0.0.1:56500
Begin MonoManager ReloadAssembly
Registering precompiled unity dll's ...
Register platform support module: C:/Program Files/Unity/Hub/Editor/2021.3.29f1/Editor/Data/PlaybackEngines/WebGLSupport/UnityEditor.WebGL.Extensions.dll
Register platform support module: C:/Program Files/Unity/Hub/Editor/2021.3.29f1/Editor/Data/PlaybackEngines/WindowsStandaloneSupport/UnityEditor.WindowsStandalone.Extensions.dll
Registered in 0.005521 seconds.
Native extension for WindowsStandalone target not found
Native extension for WebGL target not found
Refreshing native plugins compatible for Editor in 102.95 ms, found 3 plugins.
Preloading 0 native plugins for Editor in 0.00 ms.
Mono: successfully reloaded assembly
- Completed reload, in  0.828 seconds
Domain Reload Profiling:
	ReloadAssembly (829ms)
		BeginReloadAssembly (114ms)
			ExecutionOrderSort (0ms)
			DisableScriptedObjects (0ms)
			BackupInstance (0ms)
			ReleaseScriptingObjects (0ms)
			CreateAndSetChildDomain (1ms)
		EndReloadAssembly (583ms)
			LoadAssemblies (112ms)
			RebuildTransferFunctionScriptingTraits (0ms)
			SetupTypeCache (132ms)
			ReleaseScriptCaches (0ms)
			RebuildScriptCaches (35ms)
			SetupLoadedEditorAssemblies (351ms)
				LogAssemblyErrors (0ms)
				InitializePlatformSupportModulesInManaged (11ms)
				SetLoadedEditorAssemblies (0ms)
				RefreshPlugins (103ms)
				BeforeProcessingInitializeOnLoad (2ms)
				ProcessInitializeOnLoadAttributes (171ms)
				ProcessInitializeOnLoadMethodAttributes (64ms)
				AfterProcessingInitializeOnLoad (0ms)
				EditorAssembliesLoaded (0ms)
			ExecutionOrderSort2 (0ms)
			AwakeInstancesAfterBackupRestoration (0ms)
Platform modules already initialized, skipping
Registering precompiled user dll's ...
Registered in 0.005028 seconds.
Begin MonoManager ReloadAssembly
Symbol file LoadedFromMemory doesn't match image C:\Users\demim\Github\Building-Playful-Worlds-2\Building Playful Worlds 2\Library\PackageCache\com.unity.visualscripting@1.8.0\Editor\VisualScripting.Core\Dependencies\YamlDotNet\Unity.VisualScripting.YamlDotNet.dll
Symbol file LoadedFromMemory doesn't match image C:\Users\demim\Github\Building-Playful-Worlds-2\Building Playful Worlds 2\Library\PackageCache\com.unity.visualscripting@1.8.0\Editor\VisualScripting.Core\Dependencies\DotNetZip\Unity.VisualScripting.IonicZip.dll
Native extension for WindowsStandalone target not found
Native extension for WebGL target not found
Refreshing native plugins compatible for Editor in 98.67 ms, found 3 plugins.
Preloading 0 native plugins for Editor in 0.00 ms.
Mono: successfully reloaded assembly
- Completed reload, in 12.721 seconds
Domain Reload Profiling:
	ReloadAssembly (12722ms)
		BeginReloadAssembly (157ms)
			ExecutionOrderSort (0ms)
			DisableScriptedObjects (8ms)
			BackupInstance (0ms)
			ReleaseScriptingObjects (0ms)
			CreateAndSetChildDomain (25ms)
		EndReloadAssembly (12310ms)
			LoadAssemblies (9442ms)
			RebuildTransferFunctionScriptingTraits (0ms)
			SetupTypeCache (1668ms)
			ReleaseScriptCaches (0ms)
			RebuildScriptCaches (79ms)
			SetupLoadedEditorAssemblies (1080ms)
				LogAssemblyErrors (0ms)
				InitializePlatformSupportModulesInManaged (7ms)
				SetLoadedEditorAssemblies (0ms)
				RefreshPlugins (99ms)
				BeforeProcessingInitializeOnLoad (94ms)
				ProcessInitializeOnLoadAttributes (848ms)
				ProcessInitializeOnLoadMethodAttributes (22ms)
				AfterProcessingInitializeOnLoad (10ms)
				EditorAssembliesLoaded (0ms)
			ExecutionOrderSort2 (0ms)
			AwakeInstancesAfterBackupRestoration (10ms)
Platform modules already initialized, skipping
========================================================================
Worker process is ready to serve import requests
Launched and connected shader compiler UnityShaderCompiler.exe after 0.14 seconds
Refreshing native plugins compatible for Editor in 1.16 ms, found 3 plugins.
Preloading 0 native plugins for Editor in 0.00 ms.
Unloading 3563 Unused Serialized files (Serialized files now loaded: 0)
Unloading 69 unused Assets / (2.8 MB). Loaded Objects now: 4042.
Memory consumption went from 232.2 MB to 229.4 MB.
Total: 6.051900 ms (FindLiveObjects: 0.386700 ms CreateObjectMapping: 0.161900 ms MarkObjects: 4.448900 ms  DeleteObjects: 1.052200 ms)

AssetImportParameters requested are different than current active one (requested -> active):
  custom:video-decoder-ogg-theora: a1e56fd34408186e4bbccfd4996cb3dc -> 
  custom:container-muxer-webm: aa71ff27fc2769a1b78a27578f13a17b -> 
  custom:container-demuxer-webm: 4f35f7cbe854078d1ac9338744f61a02 -> 
  custom:video-encoder-webm-vp8: eb34c28f22e8b96e1ab97ce403110664 -> 
  custom:CustomObjectIndexerAttribute: bc11b3a6c3213fcdd17b65e7da85e133 -> 
  custom:audio-encoder-webm-vorbis: bf7c407c2cedff20999df2af8eb42d56 -> 
  custom:framework-win-MediaFoundation: 216162199b28c13a410421893ffa2e32 -> 
  custom:container-demuxer-ogg: 62fdf1f143b41e24485cea50d1cbac27 -> 
  custom:video-decoder-webm-vp8: 9c59270c3fd7afecdb556c50c9e8de78 -> 
  custom:audio-decoder-ogg-vorbis: bf7c407c2cedff20999df2af8eb42d56 -> 
========================================================================
Received Import Request.
  Time since last request: 511752.281462 seconds.
  path: Assets/simple_low_poly_village_buildings/models/farm_house_lvl3.prefab
  artifactKey: Guid(01d8db7f314b2504284646720569ebee) Importer(815301076,1909f56bfc062723c751e8b465ee728b)
Start importing Assets/simple_low_poly_village_buildings/models/farm_house_lvl3.prefab using Guid(01d8db7f314b2504284646720569ebee) Importer(815301076,1909f56bfc062723c751e8b465ee728b)  -> (artifact id: '476314ecda58b660d260f3a0138078a8') in 0.253984 seconds 
========================================================================
Received Import Request.
  Time since last request: 0.000047 seconds.
  path: Assets/simple_low_poly_village_buildings/models/farm_house_lvl4.prefab
  artifactKey: Guid(1f434b7092c98b9498412a8ed230d22d) Importer(815301076,1909f56bfc062723c751e8b465ee728b)
Start importing Assets/simple_low_poly_village_buildings/models/farm_house_lvl4.prefab using Guid(1f434b7092c98b9498412a8ed230d22d) Importer(815301076,1909f56bfc062723c751e8b465ee728b)  -> (artifact id: '25bc37888264ff2530da080ba81536cf') in 0.119504 seconds 
========================================================================
Received Import Request.
  Time since last request: 0.000315 seconds.
  path: Assets/simple_low_poly_village_buildings/models/house_lvl3.prefab
  artifactKey: Guid(9836dcd00a6903040804e82bf876375f) Importer(815301076,1909f56bfc062723c751e8b465ee728b)
Start importing Assets/simple_low_poly_village_buildings/models/house_lvl3.prefab using Guid(9836dcd00a6903040804e82bf876375f) Importer(815301076,1909f56bfc062723c751e8b465ee728b)  -> (artifact id: '68feaaab82ec77f5e69322a73ef7b0bf') in 0.131334 seconds 
========================================================================
Received Import Request.
  Time since last request: 0.000060 seconds.
  path: Assets/simple_low_poly_village_buildings/models/farm_lvl7.prefab
  artifactKey: Guid(35de37196fbfb6d4f8d6d58d5880c67b) Importer(815301076,1909f56bfc062723c751e8b465ee728b)
Start importing Assets/simple_low_poly_village_buildings/models/farm_lvl7.prefab using Guid(35de37196fbfb6d4f8d6d58d5880c67b) Importer(815301076,1909f56bfc062723c751e8b465ee728b)  -> (artifact id: 'a23633a196a93d48ec0782048c2175e0') in 0.123792 seconds 
========================================================================
Received Import Request.
  Time since last request: 0.000542 seconds.
  path: Assets/Models/Characters/PolyAngel_Space Pack/Prefabs/Truck03.prefab
  artifactKey: Guid(b326058b778f44e03b22bd2d3a50d9b3) Importer(815301076,1909f56bfc062723c751e8b465ee728b)
Start importing Assets/Models/Characters/PolyAngel_Space Pack/Prefabs/Truck03.prefab using Guid(b326058b778f44e03b22bd2d3a50d9b3) Importer(815301076,1909f56bfc062723c751e8b465ee728b)  -> (artifact id: '63ad0076e7c33817019bac4eb178e004') in 0.197301 seconds 
========================================================================
Received Import Request.
  Time since last request: 0.000066 seconds.
  path: Assets/Models/Characters/PolyAngel_Space Pack/Prefabs/Control Tower.prefab
  artifactKey: Guid(a246fcff6ac7544fea53201e477bd255) Importer(815301076,1909f56bfc062723c751e8b465ee728b)
Start importing Assets/Models/Characters/PolyAngel_Space Pack/Prefabs/Control Tower.prefab using Guid(a246fcff6ac7544fea53201e477bd255) Importer(815301076,1909f56bfc062723c751e8b465ee728b)  -> (artifact id: '72ff2198c2ca7c45208fdcd33c7f5501') in 0.045067 seconds 
========================================================================
Received Import Request.
  Time since last request: 0.000093 seconds.
  path: Assets/simple_low_poly_village_buildings/models/farm_house_lvl6.prefab
  artifactKey: Guid(0da62b6fef79e294cb9e1a6a8ea69cd2) Importer(815301076,1909f56bfc062723c751e8b465ee728b)
Start importing Assets/simple_low_poly_village_buildings/models/farm_house_lvl6.prefab using Guid(0da62b6fef79e294cb9e1a6a8ea69cd2) Importer(815301076,1909f56bfc062723c751e8b465ee728b)  -> (artifact id: '130de37c635095729025e9d43a962ee5') in 0.026658 seconds 
========================================================================
Received Import Request.
  Time since last request: 0.000031 seconds.
  path: Assets/Models/Characters/PolyAngel_Space Pack/Prefabs/Rocket.01.prefab
  artifactKey: Guid(ecb814ae364b4416ba7e945302a455cc) Importer(815301076,1909f56bfc062723c751e8b465ee728b)
Start importing Assets/Models/Characters/PolyAngel_Space Pack/Prefabs/Rocket.01.prefab using Guid(ecb814ae364b4416ba7e945302a455cc) Importer(815301076,1909f56bfc062723c751e8b465ee728b)  -> (artifact id: '9ec02f3ac7a43dfea27065dd74439035') in 0.030627 seconds 
========================================================================
Received Import Request.
  Time since last request: 0.000039 seconds.
  path: Assets/simple_low_poly_village_buildings/models/fence.prefab
  artifactKey: Guid(956556a458e052645a695d553424942e) Importer(815301076,1909f56bfc062723c751e8b465ee728b)
Start importing Assets/simple_low_poly_village_buildings/models/fence.prefab using Guid(956556a458e052645a695d553424942e) Importer(815301076,1909f56bfc062723c751e8b465ee728b)  -> (artifact id: '58c6820a5289347ecdf2f555ddbcd0b1') in 0.042697 seconds 
========================================================================
Received Import Request.
  Time since last request: 0.000032 seconds.
  path: Assets/Models/Characters/PolyAngel_Space Pack/Prefabs/Truck06.prefab
  artifactKey: Guid(8b31be488c0e1477ba26b8daa7939d1a) Importer(815301076,1909f56bfc062723c751e8b465ee728b)
Start importing Assets/Models/Characters/PolyAngel_Space Pack/Prefabs/Truck06.prefab using Guid(8b31be488c0e1477ba26b8daa7939d1a) Importer(815301076,1909f56bfc062723c751e8b465ee728b)  -> (artifact id: '6a526f8400ef09c5d1b99ae77201d836') in 0.049869 seconds 
========================================================================
Received Import Request.
  Time since last request: 0.000038 seconds.
  path: Assets/Models/Characters/PolyAngel_Space Pack/Prefabs/Truck01.prefab
  artifactKey: Guid(681ea41b98f9b44ada78528089e6f773) Importer(815301076,1909f56bfc062723c751e8b465ee728b)
Start importing Assets/Models/Characters/PolyAngel_Space Pack/Prefabs/Truck01.prefab using Guid(681ea41b98f9b44ada78528089e6f773) Importer(815301076,1909f56bfc062723c751e8b465ee728b)  -> (artifact id: '6a373da8442d1ac108849c52b39cd945') in 0.079204 seconds 
========================================================================
Received Import Request.
  Time since last request: 0.000048 seconds.
  path: Assets/Models/Characters/PolyAngel_Space Pack/Prefabs/Contrainer01.prefab
  artifactKey: Guid(99b62088bf00d4bae860fad5ef0297c5) Importer(815301076,1909f56bfc062723c751e8b465ee728b)
Start importing Assets/Models/Characters/PolyAngel_Space Pack/Prefabs/Contrainer01.prefab using Guid(99b62088bf00d4bae860fad5ef0297c5) Importer(815301076,1909f56bfc062723c751e8b465ee728b)  -> (artifact id: 'e4b6dbcbd3a98c04bee7932fb4d97d41') in 0.050063 seconds 
========================================================================
Received Import Request.
  Time since last request: 0.000028 seconds.
  path: Assets/simple_low_poly_village_buildings/models/tower_lvl1.prefab
  artifactKey: Guid(5a0564be916f44248bc20e6c25a796ce) Importer(815301076,1909f56bfc062723c751e8b465ee728b)
Start importing Assets/simple_low_poly_village_buildings/models/tower_lvl1.prefab using Guid(5a0564be916f44248bc20e6c25a796ce) Importer(815301076,1909f56bfc062723c751e8b465ee728b)  -> (artifact id: '6a4caa5f1c6db84361e0f80342bcfd7c') in 0.027189 seconds 
========================================================================
Received Import Request.
  Time since last request: 0.000026 seconds.
  path: Assets/simple_low_poly_village_buildings/models/farm_lvl6.prefab
  artifactKey: Guid(70a1d25cf2c8f554a8834daff6ea3aa3) Importer(815301076,1909f56bfc062723c751e8b465ee728b)
Start importing Assets/simple_low_poly_village_buildings/models/farm_lvl6.prefab using Guid(70a1d25cf2c8f554a8834daff6ea3aa3) Importer(815301076,1909f56bfc062723c751e8b465ee728b)  -> (artifact id: 'b2ccbef797e29121045fa3e0b184cf30') in 0.045700 seconds 
========================================================================
Received Import Request.
  Time since last request: 0.000024 seconds.
  path: Assets/Models/Characters/PolyAngel_Space Pack/Prefabs/Missile .prefab
  artifactKey: Guid(35ed3f6b3a9374a60b51904e402fcc53) Importer(815301076,1909f56bfc062723c751e8b465ee728b)
Start importing Assets/Models/Characters/PolyAngel_Space Pack/Prefabs/Missile .prefab using Guid(35ed3f6b3a9374a60b51904e402fcc53) Importer(815301076,1909f56bfc062723c751e8b465ee728b)  -> (artifact id: 'ac3b19d1f36e6e8c496219c8fe551c8b') in 0.048779 seconds 
========================================================================
Received Import Request.
  Time since last request: 0.000026 seconds.
  path: Assets/Models/Characters/PolyAngel_Space Pack/Prefabs/Building01.prefab
  artifactKey: Guid(820ca77c3f6a84baeb4b3c401621f03b) Importer(815301076,1909f56bfc062723c751e8b465ee728b)
Start importing Assets/Models/Characters/PolyAngel_Space Pack/Prefabs/Building01.prefab using Guid(820ca77c3f6a84baeb4b3c401621f03b) Importer(815301076,1909f56bfc062723c751e8b465ee728b)  -> (artifact id: 'd04f4df9b4bf39e96eb4b2b128d135d6') in 0.054808 seconds 
========================================================================
Received Import Request.
  Time since last request: 0.000068 seconds.
  path: Assets/simple_low_poly_village_buildings/models/house_lvl1.prefab
  artifactKey: Guid(122b0584add6e9641b3a798f66fa32a4) Importer(815301076,1909f56bfc062723c751e8b465ee728b)
Start importing Assets/simple_low_poly_village_buildings/models/house_lvl1.prefab using Guid(122b0584add6e9641b3a798f66fa32a4) Importer(815301076,1909f56bfc062723c751e8b465ee728b)  -> (artifact id: 'c0be0b845e2762f9c9f9404b38899fe2') in 0.094281 seconds 
Editor requested this worker to shutdown with reason: Scaling down because of idle timeout
AssetImportWorker is now disconnected from the server
Process exiting
Exiting without the bug reporter. Application will terminate with return code 0