Using pre-set license
Built from '2021.3/staging' branch; Version is '2021.3.29f1 (204d6dc9ae1c) revision 2116973'; Using compiler version '192829333'; Build Type 'Release'
OS: 'Windows 11  (10.0.22631) 64bit Core' Language: 'en' Physical Memory: 16010 MB
BatchMode: 1, IsHumanControllingUs: 0, StartBugReporterOnCrash: 0, Is64bit: 1, IsPro: 1

COMMAND LINE ARGUMENTS:
C:\Program Files\Unity\Hub\Editor\2021.3.29f1\Editor\Unity.exe
-adb2
-batchMode
-noUpm
-name
AssetImportWorker4
-projectPath
C:/Users/demim/Github/Building-Playful-Worlds-2/Building Playful Worlds 2
-logFile
Logs/AssetImportWorker4.log
-srvPort
64628
Successfully changed project path to: C:/Users/demim/Github/Building-Playful-Worlds-2/Building Playful Worlds 2
C:/Users/demim/Github/Building-Playful-Worlds-2/Building Playful Worlds 2
[UnityMemory] Configuration Parameters - Can be set up in boot.config
    "memorysetup-bucket-allocator-granularity=16"
    "memorysetup-bucket-allocator-bucket-count=8"
    "memorysetup-bucket-allocator-block-size=33554432"
    "memorysetup-bucket-allocator-block-count=8"
    "memorysetup-main-allocator-block-size=16777216"
    "memorysetup-thread-allocator-block-size=16777216"
    "memorysetup-gfx-main-allocator-block-size=16777216"
    "memorysetup-gfx-thread-allocator-block-size=16777216"
    "memorysetup-cache-allocator-block-size=4194304"
    "memorysetup-typetree-allocator-block-size=2097152"
    "memorysetup-profiler-bucket-allocator-granularity=16"
    "memorysetup-profiler-bucket-allocator-bucket-count=8"
    "memorysetup-profiler-bucket-allocator-block-size=33554432"
    "memorysetup-profiler-bucket-allocator-block-count=8"
    "memorysetup-profiler-allocator-block-size=16777216"
    "memorysetup-profiler-editor-allocator-block-size=1048576"
    "memorysetup-temp-allocator-size-main=16777216"
    "memorysetup-job-temp-allocator-block-size=2097152"
    "memorysetup-job-temp-allocator-block-size-background=1048576"
    "memorysetup-job-temp-allocator-reduction-small-platforms=262144"
    "memorysetup-temp-allocator-size-background-worker=32768"
    "memorysetup-temp-allocator-size-job-worker=262144"
    "memorysetup-temp-allocator-size-preload-manager=33554432"
    "memorysetup-temp-allocator-size-nav-mesh-worker=65536"
    "memorysetup-temp-allocator-size-audio-worker=65536"
    "memorysetup-temp-allocator-size-cloud-worker=32768"
    "memorysetup-temp-allocator-size-gi-baking-worker=262144"
    "memorysetup-temp-allocator-size-gfx=262144"
Player connection [9376] Host "[IP] 192.168.68.114 [Port] 0 [Flags] 2 [Guid] 3797220981 [EditorId] 3797220981 [Version] 1048832 [Id] WindowsEditor(7,Lun) [Debug] 1 [PackageName] WindowsEditor [ProjectName] Editor" joined multi-casting on [225.0.0.222:54997]...

Player connection [9376] Host "[IP] 192.168.68.114 [Port] 0 [Flags] 2 [Guid] 3797220981 [EditorId] 3797220981 [Version] 1048832 [Id] WindowsEditor(7,Lun) [Debug] 1 [PackageName] WindowsEditor [ProjectName] Editor" joined alternative multi-casting on [225.0.0.222:34997]...

Refreshing native plugins compatible for Editor in 120.92 ms, found 3 plugins.
Preloading 0 native plugins for Editor in 0.00 ms.
Initialize engine version: 2021.3.29f1 (204d6dc9ae1c)
[Subsystems] Discovering subsystems at path C:/Program Files/Unity/Hub/Editor/2021.3.29f1/Editor/Data/Resources/UnitySubsystems
[Subsystems] Discovering subsystems at path C:/Users/demim/Github/Building-Playful-Worlds-2/Building Playful Worlds 2/Assets
GfxDevice: creating device client; threaded=0; jobified=0
Direct3D:
    Version:  Direct3D 11.0 [level 11.1]
    Renderer: NVIDIA GeForce RTX 3050 Laptop GPU (ID=0x25a2)
    Vendor:   NVIDIA
    VRAM:     3964 MB
    Driver:   31.0.15.5161
Initialize mono
Mono path[0] = 'C:/Program Files/Unity/Hub/Editor/2021.3.29f1/Editor/Data/Managed'
Mono path[1] = 'C:/Program Files/Unity/Hub/Editor/2021.3.29f1/Editor/Data/MonoBleedingEdge/lib/mono/unityjit-win32'
Mono config path = 'C:/Program Files/Unity/Hub/Editor/2021.3.29f1/Editor/Data/MonoBleedingEdge/etc'
Using monoOptions --debugger-agent=transport=dt_socket,embedding=1,server=y,suspend=n,address=127.0.0.1:56328
Begin MonoManager ReloadAssembly
Registering precompiled unity dll's ...
Register platform support module: C:/Program Files/Unity/Hub/Editor/2021.3.29f1/Editor/Data/PlaybackEngines/WebGLSupport/UnityEditor.WebGL.Extensions.dll
Register platform support module: C:/Program Files/Unity/Hub/Editor/2021.3.29f1/Editor/Data/PlaybackEngines/WindowsStandaloneSupport/UnityEditor.WindowsStandalone.Extensions.dll
Registered in 0.005542 seconds.
Native extension for WindowsStandalone target not found
Native extension for WebGL target not found
Refreshing native plugins compatible for Editor in 133.26 ms, found 3 plugins.
Preloading 0 native plugins for Editor in 0.00 ms.
Mono: successfully reloaded assembly
- Completed reload, in  0.873 seconds
Domain Reload Profiling:
	ReloadAssembly (874ms)
		BeginReloadAssembly (120ms)
			ExecutionOrderSort (0ms)
			DisableScriptedObjects (0ms)
			BackupInstance (0ms)
			ReleaseScriptingObjects (0ms)
			CreateAndSetChildDomain (1ms)
		EndReloadAssembly (636ms)
			LoadAssemblies (117ms)
			RebuildTransferFunctionScriptingTraits (0ms)
			SetupTypeCache (142ms)
			ReleaseScriptCaches (0ms)
			RebuildScriptCaches (38ms)
			SetupLoadedEditorAssemblies (388ms)
				LogAssemblyErrors (0ms)
				InitializePlatformSupportModulesInManaged (15ms)
				SetLoadedEditorAssemblies (0ms)
				RefreshPlugins (133ms)
				BeforeProcessingInitializeOnLoad (2ms)
				ProcessInitializeOnLoadAttributes (170ms)
				ProcessInitializeOnLoadMethodAttributes (67ms)
				AfterProcessingInitializeOnLoad (0ms)
				EditorAssembliesLoaded (0ms)
			ExecutionOrderSort2 (0ms)
			AwakeInstancesAfterBackupRestoration (0ms)
Platform modules already initialized, skipping
Registering precompiled user dll's ...
Registered in 0.005452 seconds.
Begin MonoManager ReloadAssembly
Symbol file LoadedFromMemory doesn't match image C:\Users\demim\Github\Building-Playful-Worlds-2\Building Playful Worlds 2\Library\PackageCache\com.unity.visualscripting@1.8.0\Editor\VisualScripting.Core\Dependencies\YamlDotNet\Unity.VisualScripting.YamlDotNet.dll
Symbol file LoadedFromMemory doesn't match image C:\Users\demim\Github\Building-Playful-Worlds-2\Building Playful Worlds 2\Library\PackageCache\com.unity.visualscripting@1.8.0\Editor\VisualScripting.Core\Dependencies\DotNetZip\Unity.VisualScripting.IonicZip.dll
Native extension for WindowsStandalone target not found
Native extension for WebGL target not found
Refreshing native plugins compatible for Editor in 113.42 ms, found 3 plugins.
Preloading 0 native plugins for Editor in 0.00 ms.
Mono: successfully reloaded assembly
- Completed reload, in  2.208 seconds
Domain Reload Profiling:
	ReloadAssembly (2209ms)
		BeginReloadAssembly (162ms)
			ExecutionOrderSort (0ms)
			DisableScriptedObjects (8ms)
			BackupInstance (0ms)
			ReleaseScriptingObjects (0ms)
			CreateAndSetChildDomain (24ms)
		EndReloadAssembly (1921ms)
			LoadAssemblies (132ms)
			RebuildTransferFunctionScriptingTraits (0ms)
			SetupTypeCache (559ms)
			ReleaseScriptCaches (1ms)
			RebuildScriptCaches (136ms)
			SetupLoadedEditorAssemblies (1005ms)
				LogAssemblyErrors (0ms)
				InitializePlatformSupportModulesInManaged (8ms)
				SetLoadedEditorAssemblies (0ms)
				RefreshPlugins (113ms)
				BeforeProcessingInitializeOnLoad (105ms)
				ProcessInitializeOnLoadAttributes (745ms)
				ProcessInitializeOnLoadMethodAttributes (26ms)
				AfterProcessingInitializeOnLoad (8ms)
				EditorAssembliesLoaded (0ms)
			ExecutionOrderSort2 (0ms)
			AwakeInstancesAfterBackupRestoration (7ms)
Platform modules already initialized, skipping
========================================================================
Worker process is ready to serve import requests
Launched and connected shader compiler UnityShaderCompiler.exe after 0.07 seconds
Refreshing native plugins compatible for Editor in 0.90 ms, found 3 plugins.
Preloading 0 native plugins for Editor in 0.00 ms.
Unloading 3582 Unused Serialized files (Serialized files now loaded: 0)
Unloading 69 unused Assets / (2.8 MB). Loaded Objects now: 4064.
Memory consumption went from 235.0 MB to 232.2 MB.
Total: 5.147900 ms (FindLiveObjects: 0.272100 ms CreateObjectMapping: 0.127100 ms MarkObjects: 4.106400 ms  DeleteObjects: 0.640400 ms)

AssetImportParameters requested are different than current active one (requested -> active):
  custom:video-decoder-ogg-theora: a1e56fd34408186e4bbccfd4996cb3dc -> 
  custom:container-muxer-webm: aa71ff27fc2769a1b78a27578f13a17b -> 
  custom:container-demuxer-webm: 4f35f7cbe854078d1ac9338744f61a02 -> 
  custom:video-encoder-webm-vp8: eb34c28f22e8b96e1ab97ce403110664 -> 
  custom:CustomObjectIndexerAttribute: bc11b3a6c3213fcdd17b65e7da85e133 -> 
  custom:audio-encoder-webm-vorbis: bf7c407c2cedff20999df2af8eb42d56 -> 
  custom:framework-win-MediaFoundation: 216162199b28c13a410421893ffa2e32 -> 
  custom:container-demuxer-ogg: 62fdf1f143b41e24485cea50d1cbac27 -> 
  custom:video-decoder-webm-vp8: 9c59270c3fd7afecdb556c50c9e8de78 -> 
  custom:audio-decoder-ogg-vorbis: bf7c407c2cedff20999df2af8eb42d56 -> 
========================================================================
Received Prepare
Registering precompiled user dll's ...
Registered in 0.006230 seconds.
Begin MonoManager ReloadAssembly
Symbol file LoadedFromMemory doesn't match image C:\Users\demim\Github\Building-Playful-Worlds-2\Building Playful Worlds 2\Library\PackageCache\com.unity.visualscripting@1.8.0\Editor\VisualScripting.Core\Dependencies\YamlDotNet\Unity.VisualScripting.YamlDotNet.dll
Symbol file LoadedFromMemory doesn't match image C:\Users\demim\Github\Building-Playful-Worlds-2\Building Playful Worlds 2\Library\PackageCache\com.unity.visualscripting@1.8.0\Editor\VisualScripting.Core\Dependencies\DotNetZip\Unity.VisualScripting.IonicZip.dll
Native extension for WindowsStandalone target not found
Native extension for WebGL target not found
Refreshing native plugins compatible for Editor in 0.90 ms, found 3 plugins.
Preloading 0 native plugins for Editor in 0.00 ms.
Mono: successfully reloaded assembly
- Completed reload, in  1.686 seconds
Domain Reload Profiling:
	ReloadAssembly (1687ms)
		BeginReloadAssembly (186ms)
			ExecutionOrderSort (0ms)
			DisableScriptedObjects (6ms)
			BackupInstance (0ms)
			ReleaseScriptingObjects (0ms)
			CreateAndSetChildDomain (47ms)
		EndReloadAssembly (1391ms)
			LoadAssemblies (126ms)
			RebuildTransferFunctionScriptingTraits (0ms)
			SetupTypeCache (333ms)
			ReleaseScriptCaches (2ms)
			RebuildScriptCaches (52ms)
			SetupLoadedEditorAssemblies (827ms)
				LogAssemblyErrors (0ms)
				InitializePlatformSupportModulesInManaged (8ms)
				SetLoadedEditorAssemblies (1ms)
				RefreshPlugins (1ms)
				BeforeProcessingInitializeOnLoad (72ms)
				ProcessInitializeOnLoadAttributes (714ms)
				ProcessInitializeOnLoadMethodAttributes (25ms)
				AfterProcessingInitializeOnLoad (6ms)
				EditorAssembliesLoaded (0ms)
			ExecutionOrderSort2 (0ms)
			AwakeInstancesAfterBackupRestoration (7ms)
Platform modules already initialized, skipping
Refreshing native plugins compatible for Editor in 2.02 ms, found 3 plugins.
Preloading 0 native plugins for Editor in 0.00 ms.
Unloading 3497 Unused Serialized files (Serialized files now loaded: 0)
Unloading 40 unused Assets / (2.8 MB). Loaded Objects now: 4079.
Memory consumption went from 226.1 MB to 223.3 MB.
Total: 4.477500 ms (FindLiveObjects: 0.417400 ms CreateObjectMapping: 0.152100 ms MarkObjects: 3.266600 ms  DeleteObjects: 0.639900 ms)

AssetImportParameters requested are different than current active one (requested -> active):
  custom:video-decoder-ogg-theora: a1e56fd34408186e4bbccfd4996cb3dc -> 
  custom:container-muxer-webm: aa71ff27fc2769a1b78a27578f13a17b -> 
  custom:container-demuxer-webm: 4f35f7cbe854078d1ac9338744f61a02 -> 
  custom:video-encoder-webm-vp8: eb34c28f22e8b96e1ab97ce403110664 -> 
  custom:CustomObjectIndexerAttribute: bc11b3a6c3213fcdd17b65e7da85e133 -> 
  custom:audio-encoder-webm-vorbis: bf7c407c2cedff20999df2af8eb42d56 -> 
  custom:framework-win-MediaFoundation: 216162199b28c13a410421893ffa2e32 -> 
  custom:container-demuxer-ogg: 62fdf1f143b41e24485cea50d1cbac27 -> 
  custom:video-decoder-webm-vp8: 9c59270c3fd7afecdb556c50c9e8de78 -> 
  custom:audio-decoder-ogg-vorbis: bf7c407c2cedff20999df2af8eb42d56 -> 
========================================================================
Received Prepare
Registering precompiled user dll's ...
Registered in 0.003992 seconds.
Begin MonoManager ReloadAssembly
Symbol file LoadedFromMemory doesn't match image C:\Users\demim\Github\Building-Playful-Worlds-2\Building Playful Worlds 2\Library\PackageCache\com.unity.visualscripting@1.8.0\Editor\VisualScripting.Core\Dependencies\YamlDotNet\Unity.VisualScripting.YamlDotNet.dll
Symbol file LoadedFromMemory doesn't match image C:\Users\demim\Github\Building-Playful-Worlds-2\Building Playful Worlds 2\Library\PackageCache\com.unity.visualscripting@1.8.0\Editor\VisualScripting.Core\Dependencies\DotNetZip\Unity.VisualScripting.IonicZip.dll
Native extension for WindowsStandalone target not found
Native extension for WebGL target not found
Refreshing native plugins compatible for Editor in 0.59 ms, found 3 plugins.
Preloading 0 native plugins for Editor in 0.00 ms.
Mono: successfully reloaded assembly
- Completed reload, in  0.757 seconds
Domain Reload Profiling:
	ReloadAssembly (758ms)
		BeginReloadAssembly (121ms)
			ExecutionOrderSort (0ms)
			DisableScriptedObjects (4ms)
			BackupInstance (0ms)
			ReleaseScriptingObjects (0ms)
			CreateAndSetChildDomain (31ms)
		EndReloadAssembly (567ms)
			LoadAssemblies (73ms)
			RebuildTransferFunctionScriptingTraits (0ms)
			SetupTypeCache (180ms)
			ReleaseScriptCaches (2ms)
			RebuildScriptCaches (32ms)
			SetupLoadedEditorAssemblies (267ms)
				LogAssemblyErrors (0ms)
				InitializePlatformSupportModulesInManaged (4ms)
				SetLoadedEditorAssemblies (0ms)
				RefreshPlugins (1ms)
				BeforeProcessingInitializeOnLoad (42ms)
				ProcessInitializeOnLoadAttributes (201ms)
				ProcessInitializeOnLoadMethodAttributes (14ms)
				AfterProcessingInitializeOnLoad (4ms)
				EditorAssembliesLoaded (0ms)
			ExecutionOrderSort2 (0ms)
			AwakeInstancesAfterBackupRestoration (4ms)
Platform modules already initialized, skipping
Refreshing native plugins compatible for Editor in 1.28 ms, found 3 plugins.
Preloading 0 native plugins for Editor in 0.00 ms.
Unloading 3497 Unused Serialized files (Serialized files now loaded: 0)
Unloading 40 unused Assets / (2.8 MB). Loaded Objects now: 4094.
Memory consumption went from 226.1 MB to 223.3 MB.
Total: 3.086200 ms (FindLiveObjects: 0.210300 ms CreateObjectMapping: 0.089000 ms MarkObjects: 2.274700 ms  DeleteObjects: 0.511400 ms)

AssetImportParameters requested are different than current active one (requested -> active):
  custom:video-decoder-ogg-theora: a1e56fd34408186e4bbccfd4996cb3dc -> 
  custom:container-muxer-webm: aa71ff27fc2769a1b78a27578f13a17b -> 
  custom:container-demuxer-webm: 4f35f7cbe854078d1ac9338744f61a02 -> 
  custom:video-encoder-webm-vp8: eb34c28f22e8b96e1ab97ce403110664 -> 
  custom:CustomObjectIndexerAttribute: bc11b3a6c3213fcdd17b65e7da85e133 -> 
  custom:audio-encoder-webm-vorbis: bf7c407c2cedff20999df2af8eb42d56 -> 
  custom:framework-win-MediaFoundation: 216162199b28c13a410421893ffa2e32 -> 
  custom:container-demuxer-ogg: 62fdf1f143b41e24485cea50d1cbac27 -> 
  custom:video-decoder-webm-vp8: 9c59270c3fd7afecdb556c50c9e8de78 -> 
  custom:audio-decoder-ogg-vorbis: bf7c407c2cedff20999df2af8eb42d56 -> 
========================================================================
Received Import Request.
  Time since last request: 1145681.680261 seconds.
  path: Assets/Models/Buildings/Low_Poly_Mini_Village/Art
  artifactKey: Guid(e323da64e80687044ac83870d7d9b0fe) Importer(815301076,1909f56bfc062723c751e8b465ee728b)
Start importing Assets/Models/Buildings/Low_Poly_Mini_Village/Art using Guid(e323da64e80687044ac83870d7d9b0fe) Importer(815301076,1909f56bfc062723c751e8b465ee728b)  -> (artifact id: '406b8b6b89d675c1eb4b39da3a44d442') in 0.721708 seconds 
========================================================================
Received Import Request.
  Time since last request: 0.616650 seconds.
  path: Assets/Models/Buildings/Low_Poly_Mini_Village/Art/Meshes
  artifactKey: Guid(feb8035ec141b7c4b925e259555d624d) Importer(815301076,1909f56bfc062723c751e8b465ee728b)
Start importing Assets/Models/Buildings/Low_Poly_Mini_Village/Art/Meshes using Guid(feb8035ec141b7c4b925e259555d624d) Importer(815301076,1909f56bfc062723c751e8b465ee728b)  -> (artifact id: '259814b6ee660a47984f87f57f01fed5') in 0.028789 seconds 
========================================================================
Received Import Request.
  Time since last request: 0.069849 seconds.
  path: Assets/Models/Buildings/Low_Poly_Mini_Village/Art/Meshes/Caravan_1.FBX
  artifactKey: Guid(a894f1a2da70cda4eb4b599e12ad2df9) Importer(815301076,1909f56bfc062723c751e8b465ee728b)
Start importing Assets/Models/Buildings/Low_Poly_Mini_Village/Art/Meshes/Caravan_1.FBX using Guid(a894f1a2da70cda4eb4b599e12ad2df9) Importer(815301076,1909f56bfc062723c751e8b465ee728b)  -> (artifact id: '9b86e33e90fa61a68e94bbc170369f36') in 0.482712 seconds 
========================================================================
Received Import Request.
  Time since last request: 0.000040 seconds.
  path: Assets/Models/Buildings/Low_Poly_Mini_Village/Art/Meshes/Wc.FBX
  artifactKey: Guid(5d5f4e5f582747243ac098a56ceb7275) Importer(815301076,1909f56bfc062723c751e8b465ee728b)
Start importing Assets/Models/Buildings/Low_Poly_Mini_Village/Art/Meshes/Wc.FBX using Guid(5d5f4e5f582747243ac098a56ceb7275) Importer(815301076,1909f56bfc062723c751e8b465ee728b)  -> (artifact id: '8c569e3d6db574d88b75500bae6e91c1') in 0.094023 seconds 
========================================================================
Received Import Request.
  Time since last request: 0.000048 seconds.
  path: Assets/Models/Buildings/Low_Poly_Mini_Village/Art/Meshes/Wooden_barrel.FBX
  artifactKey: Guid(275150ca8bf91cf44bb41d6c74e19ab0) Importer(815301076,1909f56bfc062723c751e8b465ee728b)
Start importing Assets/Models/Buildings/Low_Poly_Mini_Village/Art/Meshes/Wooden_barrel.FBX using Guid(275150ca8bf91cf44bb41d6c74e19ab0) Importer(815301076,1909f56bfc062723c751e8b465ee728b)  -> (artifact id: 'a9633ebc2383d9dfc97ed1efebb68ff6') in 0.075951 seconds 
========================================================================
Received Import Request.
  Time since last request: 0.000028 seconds.
  path: Assets/Models/Buildings/Low_Poly_Mini_Village/Art/Meshes/House_1.FBX
  artifactKey: Guid(1a68a99d68aa44444818203ea6391ec7) Importer(815301076,1909f56bfc062723c751e8b465ee728b)
Start importing Assets/Models/Buildings/Low_Poly_Mini_Village/Art/Meshes/House_1.FBX using Guid(1a68a99d68aa44444818203ea6391ec7) Importer(815301076,1909f56bfc062723c751e8b465ee728b)  -> (artifact id: 'ef94de8022b74b7eed3279c2264d197b') in 0.133813 seconds 
========================================================================
Received Import Request.
  Time since last request: 0.000050 seconds.
  path: Assets/Models/Buildings/Low_Poly_Mini_Village/Art/Meshes/Ground.FBX
  artifactKey: Guid(0bd8ec2f6ae44d947b7afca8d28f4f46) Importer(815301076,1909f56bfc062723c751e8b465ee728b)
Start importing Assets/Models/Buildings/Low_Poly_Mini_Village/Art/Meshes/Ground.FBX using Guid(0bd8ec2f6ae44d947b7afca8d28f4f46) Importer(815301076,1909f56bfc062723c751e8b465ee728b)  -> (artifact id: '58169c3632a6defa4c637aed4c5d6175') in 0.106022 seconds 
========================================================================
Received Import Request.
  Time since last request: 0.000066 seconds.
  path: Assets/Models/Buildings/Low_Poly_Mini_Village/Art/Meshes/Rock_2.FBX
  artifactKey: Guid(6fa880df4a27f1e4dbd006fbb31d2bde) Importer(815301076,1909f56bfc062723c751e8b465ee728b)
Start importing Assets/Models/Buildings/Low_Poly_Mini_Village/Art/Meshes/Rock_2.FBX using Guid(6fa880df4a27f1e4dbd006fbb31d2bde) Importer(815301076,1909f56bfc062723c751e8b465ee728b)  -> (artifact id: '785cb4188dd1e34806d1bb8895177e84') in 0.098180 seconds 
========================================================================
Received Import Request.
  Time since last request: 0.000041 seconds.
  path: Assets/Models/Buildings/Low_Poly_Mini_Village/Art/Meshes/Electric_pole.FBX
  artifactKey: Guid(f00225fe39638eb47bee381a6a368885) Importer(815301076,1909f56bfc062723c751e8b465ee728b)
Start importing Assets/Models/Buildings/Low_Poly_Mini_Village/Art/Meshes/Electric_pole.FBX using Guid(f00225fe39638eb47bee381a6a368885) Importer(815301076,1909f56bfc062723c751e8b465ee728b)  -> (artifact id: 'ff77510d174fa0c6a2bc304494858e0e') in 0.061938 seconds 
========================================================================
Received Import Request.
  Time since last request: 0.000029 seconds.
  path: Assets/Models/Buildings/Low_Poly_Mini_Village/Art/Meshes/Grass_2.FBX
  artifactKey: Guid(091305248b55e4f46b7f3990aee3442c) Importer(815301076,1909f56bfc062723c751e8b465ee728b)
Start importing Assets/Models/Buildings/Low_Poly_Mini_Village/Art/Meshes/Grass_2.FBX using Guid(091305248b55e4f46b7f3990aee3442c) Importer(815301076,1909f56bfc062723c751e8b465ee728b)  -> (artifact id: 'eec652a2560673b5784d609869b5489f') in 0.158319 seconds 
========================================================================
Received Import Request.
  Time since last request: 0.000027 seconds.
  path: Assets/Models/Buildings/Low_Poly_Mini_Village/Art/Meshes/Rock_3.FBX
  artifactKey: Guid(9ef95a6cb09d23c428ad9eac181788bd) Importer(815301076,1909f56bfc062723c751e8b465ee728b)
Start importing Assets/Models/Buildings/Low_Poly_Mini_Village/Art/Meshes/Rock_3.FBX using Guid(9ef95a6cb09d23c428ad9eac181788bd) Importer(815301076,1909f56bfc062723c751e8b465ee728b)  -> (artifact id: '8417290a3b38f5001fad7a31c0471f83') in 0.391828 seconds 
========================================================================
Received Import Request.
  Time since last request: 0.000049 seconds.
  path: Assets/Models/Buildings/Low_Poly_Mini_Village/Art/Meshes/Electric_cable.FBX
  artifactKey: Guid(5be5f9e659fdb0745a2ad6f0c8b0b424) Importer(815301076,1909f56bfc062723c751e8b465ee728b)
Start importing Assets/Models/Buildings/Low_Poly_Mini_Village/Art/Meshes/Electric_cable.FBX using Guid(5be5f9e659fdb0745a2ad6f0c8b0b424) Importer(815301076,1909f56bfc062723c751e8b465ee728b)  -> (artifact id: '9d88375ed121bca775980f933740c401') in 0.051791 seconds 
========================================================================
Received Import Request.
  Time since last request: 14.574728 seconds.
  path: Assets/Models/Buildings/RPGPP_LT/Models/Structures
  artifactKey: Guid(048df2a8bd38ba042971bbb442e597ba) Importer(815301076,1909f56bfc062723c751e8b465ee728b)
Start importing Assets/Models/Buildings/RPGPP_LT/Models/Structures using Guid(048df2a8bd38ba042971bbb442e597ba) Importer(815301076,1909f56bfc062723c751e8b465ee728b)  -> (artifact id: '768581c963a1b00bd5071dab9f8a7ef0') in 0.059455 seconds 
========================================================================
Received Import Request.
  Time since last request: 0.814043 seconds.
  path: Assets/Models/Buildings/RPGPP_LT/Models/Structures/rpgpp_lt_building_01.fbx
  artifactKey: Guid(af5390e2a0373984db3740f21c0ec034) Importer(815301076,1909f56bfc062723c751e8b465ee728b)
Start importing Assets/Models/Buildings/RPGPP_LT/Models/Structures/rpgpp_lt_building_01.fbx using Guid(af5390e2a0373984db3740f21c0ec034) Importer(815301076,1909f56bfc062723c751e8b465ee728b)  -> (artifact id: '262857c3a8d38034695a8053ea854bf1') in 0.113765 seconds 
========================================================================
Received Import Request.
  Time since last request: 4.410706 seconds.
  path: Assets/Models/Buildings/simple_low_poly_village_buildings/models/bucket.prefab
  artifactKey: Guid(fc6bfcb27fe9f8a418aaa5f607cc7d64) Importer(815301076,1909f56bfc062723c751e8b465ee728b)
Start importing Assets/Models/Buildings/simple_low_poly_village_buildings/models/bucket.prefab using Guid(fc6bfcb27fe9f8a418aaa5f607cc7d64) Importer(815301076,1909f56bfc062723c751e8b465ee728b)  -> (artifact id: '6ec94ce09861f1fdd563710dae4aa849') in 0.122468 seconds 
========================================================================
Received Import Request.
  Time since last request: 0.000051 seconds.
  path: Assets/Models/Buildings/simple_low_poly_village_buildings/models/farm_lvl2.prefab
  artifactKey: Guid(2f730ac7abafbbb4a87d4d03cbe47846) Importer(815301076,1909f56bfc062723c751e8b465ee728b)
Start importing Assets/Models/Buildings/simple_low_poly_village_buildings/models/farm_lvl2.prefab using Guid(2f730ac7abafbbb4a87d4d03cbe47846) Importer(815301076,1909f56bfc062723c751e8b465ee728b)  -> (artifact id: '62a32dc35a9c104cc35bb7f866a16d29') in 0.104434 seconds 
========================================================================
Received Import Request.
  Time since last request: 0.000043 seconds.
  path: Assets/Models/Buildings/simple_low_poly_village_buildings/models/hay1.prefab
  artifactKey: Guid(2f7a0b013393a184a99c366b78663a50) Importer(815301076,1909f56bfc062723c751e8b465ee728b)
Start importing Assets/Models/Buildings/simple_low_poly_village_buildings/models/hay1.prefab using Guid(2f7a0b013393a184a99c366b78663a50) Importer(815301076,1909f56bfc062723c751e8b465ee728b)  -> (artifact id: 'b6bac4bd6090ece11161239030e532df') in 0.122931 seconds 
========================================================================
Received Import Request.
  Time since last request: 0.000027 seconds.
  path: Assets/Models/Buildings/simple_low_poly_village_buildings/models/farm_lvl6.prefab
  artifactKey: Guid(70a1d25cf2c8f554a8834daff6ea3aa3) Importer(815301076,1909f56bfc062723c751e8b465ee728b)
Start importing Assets/Models/Buildings/simple_low_poly_village_buildings/models/farm_lvl6.prefab using Guid(70a1d25cf2c8f554a8834daff6ea3aa3) Importer(815301076,1909f56bfc062723c751e8b465ee728b)  -> (artifact id: '426adc180d8a0edb95046c1fa22e0c80') in 0.371846 seconds 
========================================================================
Received Import Request.
  Time since last request: 0.000113 seconds.
  path: Assets/Models/Buildings/simple_low_poly_village_buildings/models/grass2.prefab
  artifactKey: Guid(9d5edf715a453f9499936596a54aa7cc) Importer(815301076,1909f56bfc062723c751e8b465ee728b)
Start importing Assets/Models/Buildings/simple_low_poly_village_buildings/models/grass2.prefab using Guid(9d5edf715a453f9499936596a54aa7cc) Importer(815301076,1909f56bfc062723c751e8b465ee728b)  -> (artifact id: '61c890ddb7960b72461242693a8bca55') in 0.103745 seconds 
========================================================================
Received Import Request.
  Time since last request: 0.000042 seconds.
  path: Assets/Models/Buildings/simple_low_poly_village_buildings/models/fence.prefab
  artifactKey: Guid(956556a458e052645a695d553424942e) Importer(815301076,1909f56bfc062723c751e8b465ee728b)
Start importing Assets/Models/Buildings/simple_low_poly_village_buildings/models/fence.prefab using Guid(956556a458e052645a695d553424942e) Importer(815301076,1909f56bfc062723c751e8b465ee728b)  -> (artifact id: '61b072eb1e36b776dd5b7ab831514e9c') in 0.048296 seconds 
========================================================================
Received Import Request.
  Time since last request: 53.850091 seconds.
  path: Assets/Models/Buildings/Low-Poly Medieval Market/Models/FBX Weapon market
  artifactKey: Guid(bf2500a76bbc5fb4cb88ffb413a76d61) Importer(815301076,1909f56bfc062723c751e8b465ee728b)
Start importing Assets/Models/Buildings/Low-Poly Medieval Market/Models/FBX Weapon market using Guid(bf2500a76bbc5fb4cb88ffb413a76d61) Importer(815301076,1909f56bfc062723c751e8b465ee728b)  -> (artifact id: 'ad5036e7e79fb9bacccb9a8372a5160f') in 0.062566 seconds 
========================================================================
Received Import Request.
  Time since last request: 0.000041 seconds.
  path: Assets/Models/Buildings/Low-Poly Medieval Market/Models/FBX Weapon market/axe.fbx
  artifactKey: Guid(8ab5ed643d71db440a2338820ca4fa91) Importer(815301076,1909f56bfc062723c751e8b465ee728b)
Start importing Assets/Models/Buildings/Low-Poly Medieval Market/Models/FBX Weapon market/axe.fbx using Guid(8ab5ed643d71db440a2338820ca4fa91) Importer(815301076,1909f56bfc062723c751e8b465ee728b)  -> (artifact id: '23b403a15f4c13ae6bb5df112d8b343d') in 0.142638 seconds 
========================================================================
Received Import Request.
  Time since last request: 0.000072 seconds.
  path: Assets/Models/Buildings/Low-Poly Medieval Market/Models/FBX Weapon market/two_handed_sword.fbx
  artifactKey: Guid(4a070bc0e4acab349aa5f22135680b05) Importer(815301076,1909f56bfc062723c751e8b465ee728b)
Start importing Assets/Models/Buildings/Low-Poly Medieval Market/Models/FBX Weapon market/two_handed_sword.fbx using Guid(4a070bc0e4acab349aa5f22135680b05) Importer(815301076,1909f56bfc062723c751e8b465ee728b)  -> (artifact id: '02646aa101507f38227c544af271e4c3') in 0.103458 seconds 
========================================================================
Received Import Request.
  Time since last request: 0.000030 seconds.
  path: Assets/Models/Buildings/Low-Poly Medieval Market/Models/FBX Weapon market/maneken.fbx
  artifactKey: Guid(eb9ca50c76e3a994c88f03502ff873d0) Importer(815301076,1909f56bfc062723c751e8b465ee728b)
Start importing Assets/Models/Buildings/Low-Poly Medieval Market/Models/FBX Weapon market/maneken.fbx using Guid(eb9ca50c76e3a994c88f03502ff873d0) Importer(815301076,1909f56bfc062723c751e8b465ee728b)  -> (artifact id: 'e77fb15f13f6c62b2986ac9664ec7578') in 0.130599 seconds 
Editor requested this worker to shutdown with reason: Scaling down because of idle timeout
AssetImportWorker is now disconnected from the server
Process exiting
Exiting without the bug reporter. Application will terminate with return code 0