Using pre-set license
Built from '2021.3/staging' branch; Version is '2021.3.29f1 (204d6dc9ae1c) revision 2116973'; Using compiler version '192829333'; Build Type 'Release'
OS: 'Windows 11  (10.0.22631) 64bit Core' Language: 'en' Physical Memory: 16010 MB
BatchMode: 1, IsHumanControllingUs: 0, StartBugReporterOnCrash: 0, Is64bit: 1, IsPro: 1

COMMAND LINE ARGUMENTS:
C:\Program Files\Unity\Hub\Editor\2021.3.29f1\Editor\Unity.exe
-adb2
-batchMode
-noUpm
-name
AssetImportWorker1
-projectPath
C:/Users/demim/Github/Building-Playful-Worlds-2/Building Playful Worlds 2
-logFile
Logs/AssetImportWorker1.log
-srvPort
57675
Successfully changed project path to: C:/Users/demim/Github/Building-Playful-Worlds-2/Building Playful Worlds 2
C:/Users/demim/Github/Building-Playful-Worlds-2/Building Playful Worlds 2
[UnityMemory] Configuration Parameters - Can be set up in boot.config
    "memorysetup-bucket-allocator-granularity=16"
    "memorysetup-bucket-allocator-bucket-count=8"
    "memorysetup-bucket-allocator-block-size=33554432"
    "memorysetup-bucket-allocator-block-count=8"
    "memorysetup-main-allocator-block-size=16777216"
    "memorysetup-thread-allocator-block-size=16777216"
    "memorysetup-gfx-main-allocator-block-size=16777216"
    "memorysetup-gfx-thread-allocator-block-size=16777216"
    "memorysetup-cache-allocator-block-size=4194304"
    "memorysetup-typetree-allocator-block-size=2097152"
    "memorysetup-profiler-bucket-allocator-granularity=16"
    "memorysetup-profiler-bucket-allocator-bucket-count=8"
    "memorysetup-profiler-bucket-allocator-block-size=33554432"
    "memorysetup-profiler-bucket-allocator-block-count=8"
    "memorysetup-profiler-allocator-block-size=16777216"
    "memorysetup-profiler-editor-allocator-block-size=1048576"
    "memorysetup-temp-allocator-size-main=16777216"
    "memorysetup-job-temp-allocator-block-size=2097152"
    "memorysetup-job-temp-allocator-block-size-background=1048576"
    "memorysetup-job-temp-allocator-reduction-small-platforms=262144"
    "memorysetup-temp-allocator-size-background-worker=32768"
    "memorysetup-temp-allocator-size-job-worker=262144"
    "memorysetup-temp-allocator-size-preload-manager=33554432"
    "memorysetup-temp-allocator-size-nav-mesh-worker=65536"
    "memorysetup-temp-allocator-size-audio-worker=65536"
    "memorysetup-temp-allocator-size-cloud-worker=32768"
    "memorysetup-temp-allocator-size-gi-baking-worker=262144"
    "memorysetup-temp-allocator-size-gfx=262144"
Player connection [22980] Host "[IP] 10.3.26.129 [Port] 0 [Flags] 2 [Guid] 890181809 [EditorId] 890181809 [Version] 1048832 [Id] WindowsEditor(7,Lun) [Debug] 1 [PackageName] WindowsEditor [ProjectName] Editor" joined multi-casting on [225.0.0.222:54997]...

Player connection [22980] Host "[IP] 10.3.26.129 [Port] 0 [Flags] 2 [Guid] 890181809 [EditorId] 890181809 [Version] 1048832 [Id] WindowsEditor(7,Lun) [Debug] 1 [PackageName] WindowsEditor [ProjectName] Editor" joined alternative multi-casting on [225.0.0.222:34997]...

Refreshing native plugins compatible for Editor in 149.45 ms, found 3 plugins.
Preloading 0 native plugins for Editor in 0.00 ms.
Initialize engine version: 2021.3.29f1 (204d6dc9ae1c)
[Subsystems] Discovering subsystems at path C:/Program Files/Unity/Hub/Editor/2021.3.29f1/Editor/Data/Resources/UnitySubsystems
[Subsystems] Discovering subsystems at path C:/Users/demim/Github/Building-Playful-Worlds-2/Building Playful Worlds 2/Assets
GfxDevice: creating device client; threaded=0; jobified=0
Direct3D:
    Version:  Direct3D 11.0 [level 11.1]
    Renderer: NVIDIA GeForce RTX 3050 Laptop GPU (ID=0x25a2)
    Vendor:   NVIDIA
    VRAM:     3964 MB
    Driver:   31.0.15.5161
Initialize mono
Mono path[0] = 'C:/Program Files/Unity/Hub/Editor/2021.3.29f1/Editor/Data/Managed'
Mono path[1] = 'C:/Program Files/Unity/Hub/Editor/2021.3.29f1/Editor/Data/MonoBleedingEdge/lib/mono/unityjit-win32'
Mono config path = 'C:/Program Files/Unity/Hub/Editor/2021.3.29f1/Editor/Data/MonoBleedingEdge/etc'
Using monoOptions --debugger-agent=transport=dt_socket,embedding=1,server=y,suspend=n,address=127.0.0.1:56308
Begin MonoManager ReloadAssembly
Registering precompiled unity dll's ...
Register platform support module: C:/Program Files/Unity/Hub/Editor/2021.3.29f1/Editor/Data/PlaybackEngines/WebGLSupport/UnityEditor.WebGL.Extensions.dll
Register platform support module: C:/Program Files/Unity/Hub/Editor/2021.3.29f1/Editor/Data/PlaybackEngines/WindowsStandaloneSupport/UnityEditor.WindowsStandalone.Extensions.dll
Registered in 0.006953 seconds.
Native extension for WindowsStandalone target not found
Native extension for WebGL target not found
Refreshing native plugins compatible for Editor in 100.60 ms, found 3 plugins.
Preloading 0 native plugins for Editor in 0.00 ms.
Mono: successfully reloaded assembly
- Completed reload, in  0.821 seconds
Domain Reload Profiling:
	ReloadAssembly (821ms)
		BeginReloadAssembly (115ms)
			ExecutionOrderSort (0ms)
			DisableScriptedObjects (0ms)
			BackupInstance (0ms)
			ReleaseScriptingObjects (0ms)
			CreateAndSetChildDomain (2ms)
		EndReloadAssembly (578ms)
			LoadAssemblies (112ms)
			RebuildTransferFunctionScriptingTraits (0ms)
			SetupTypeCache (131ms)
			ReleaseScriptCaches (0ms)
			RebuildScriptCaches (45ms)
			SetupLoadedEditorAssemblies (340ms)
				LogAssemblyErrors (0ms)
				InitializePlatformSupportModulesInManaged (15ms)
				SetLoadedEditorAssemblies (1ms)
				RefreshPlugins (101ms)
				BeforeProcessingInitializeOnLoad (2ms)
				ProcessInitializeOnLoadAttributes (166ms)
				ProcessInitializeOnLoadMethodAttributes (57ms)
				AfterProcessingInitializeOnLoad (0ms)
				EditorAssembliesLoaded (0ms)
			ExecutionOrderSort2 (0ms)
			AwakeInstancesAfterBackupRestoration (0ms)
Platform modules already initialized, skipping
Registering precompiled user dll's ...
Registered in 0.004806 seconds.
Begin MonoManager ReloadAssembly
Symbol file LoadedFromMemory doesn't match image C:\Users\demim\Github\Building-Playful-Worlds-2\Building Playful Worlds 2\Library\PackageCache\com.unity.visualscripting@1.8.0\Editor\VisualScripting.Core\Dependencies\YamlDotNet\Unity.VisualScripting.YamlDotNet.dll
Symbol file LoadedFromMemory doesn't match image C:\Users\demim\Github\Building-Playful-Worlds-2\Building Playful Worlds 2\Library\PackageCache\com.unity.visualscripting@1.8.0\Editor\VisualScripting.Core\Dependencies\DotNetZip\Unity.VisualScripting.IonicZip.dll
Native extension for WindowsStandalone target not found
Native extension for WebGL target not found
Refreshing native plugins compatible for Editor in 96.43 ms, found 3 plugins.
Preloading 0 native plugins for Editor in 0.00 ms.
Mono: successfully reloaded assembly
- Completed reload, in  1.504 seconds
Domain Reload Profiling:
	ReloadAssembly (1505ms)
		BeginReloadAssembly (165ms)
			ExecutionOrderSort (0ms)
			DisableScriptedObjects (7ms)
			BackupInstance (0ms)
			ReleaseScriptingObjects (0ms)
			CreateAndSetChildDomain (22ms)
		EndReloadAssembly (1205ms)
			LoadAssemblies (137ms)
			RebuildTransferFunctionScriptingTraits (0ms)
			SetupTypeCache (329ms)
			ReleaseScriptCaches (1ms)
			RebuildScriptCaches (71ms)
			SetupLoadedEditorAssemblies (647ms)
				LogAssemblyErrors (0ms)
				InitializePlatformSupportModulesInManaged (7ms)
				SetLoadedEditorAssemblies (0ms)
				RefreshPlugins (97ms)
				BeforeProcessingInitializeOnLoad (93ms)
				ProcessInitializeOnLoadAttributes (420ms)
				ProcessInitializeOnLoadMethodAttributes (22ms)
				AfterProcessingInitializeOnLoad (8ms)
				EditorAssembliesLoaded (0ms)
			ExecutionOrderSort2 (0ms)
			AwakeInstancesAfterBackupRestoration (8ms)
Platform modules already initialized, skipping
========================================================================
Worker process is ready to serve import requests
Launched and connected shader compiler UnityShaderCompiler.exe after 0.21 seconds
Refreshing native plugins compatible for Editor in 1.08 ms, found 3 plugins.
Preloading 0 native plugins for Editor in 0.00 ms.
Unloading 3563 Unused Serialized files (Serialized files now loaded: 0)
Unloading 69 unused Assets / (2.8 MB). Loaded Objects now: 4042.
Memory consumption went from 232.2 MB to 229.4 MB.
Total: 4.220900 ms (FindLiveObjects: 0.303700 ms CreateObjectMapping: 0.137200 ms MarkObjects: 3.207100 ms  DeleteObjects: 0.571000 ms)

AssetImportParameters requested are different than current active one (requested -> active):
  custom:video-decoder-ogg-theora: a1e56fd34408186e4bbccfd4996cb3dc -> 
  custom:container-muxer-webm: aa71ff27fc2769a1b78a27578f13a17b -> 
  custom:container-demuxer-webm: 4f35f7cbe854078d1ac9338744f61a02 -> 
  custom:video-encoder-webm-vp8: eb34c28f22e8b96e1ab97ce403110664 -> 
  custom:CustomObjectIndexerAttribute: bc11b3a6c3213fcdd17b65e7da85e133 -> 
  custom:audio-encoder-webm-vorbis: bf7c407c2cedff20999df2af8eb42d56 -> 
  custom:framework-win-MediaFoundation: 216162199b28c13a410421893ffa2e32 -> 
  custom:container-demuxer-ogg: 62fdf1f143b41e24485cea50d1cbac27 -> 
  custom:video-decoder-webm-vp8: 9c59270c3fd7afecdb556c50c9e8de78 -> 
  custom:audio-decoder-ogg-vorbis: bf7c407c2cedff20999df2af8eb42d56 -> 
========================================================================
Received Import Request.
  Time since last request: 1025598.145616 seconds.
  path: Assets/Models/Buildings/simple_low_poly_village_buildings/models/hay1.prefab
  artifactKey: Guid(2f7a0b013393a184a99c366b78663a50) Importer(815301076,1909f56bfc062723c751e8b465ee728b)
Start importing Assets/Models/Buildings/simple_low_poly_village_buildings/models/hay1.prefab using Guid(2f7a0b013393a184a99c366b78663a50) Importer(815301076,1909f56bfc062723c751e8b465ee728b)  -> (artifact id: 'c3cf6947848b04eb63cc1838774a6b97') in 0.231807 seconds 
========================================================================
Received Import Request.
  Time since last request: 0.000038 seconds.
  path: Assets/Models/Buildings/simple_low_poly_village_buildings/models/farm_house_lvl5.prefab
  artifactKey: Guid(85725236ec9751e4b95ca6e9b1a46845) Importer(815301076,1909f56bfc062723c751e8b465ee728b)
Start importing Assets/Models/Buildings/simple_low_poly_village_buildings/models/farm_house_lvl5.prefab using Guid(85725236ec9751e4b95ca6e9b1a46845) Importer(815301076,1909f56bfc062723c751e8b465ee728b)  -> (artifact id: '8ecef3ce4864de96dd5dc3740f0ccca1') in 0.116363 seconds 
========================================================================
Received Import Request.
  Time since last request: 0.000144 seconds.
  path: Assets/Models/Buildings/simple_low_poly_village_buildings/models/house_lvl3.prefab
  artifactKey: Guid(9836dcd00a6903040804e82bf876375f) Importer(815301076,1909f56bfc062723c751e8b465ee728b)
Start importing Assets/Models/Buildings/simple_low_poly_village_buildings/models/house_lvl3.prefab using Guid(9836dcd00a6903040804e82bf876375f) Importer(815301076,1909f56bfc062723c751e8b465ee728b)  -> (artifact id: '830fed0aa7227bcb096a9995305fe904') in 0.144974 seconds 
========================================================================
Received Import Request.
  Time since last request: 0.000027 seconds.
  path: Assets/Models/Buildings/simple_low_poly_village_buildings/models/farm_house_lvl2.prefab
  artifactKey: Guid(65ead04d94056194d871a15a66397d18) Importer(815301076,1909f56bfc062723c751e8b465ee728b)
Start importing Assets/Models/Buildings/simple_low_poly_village_buildings/models/farm_house_lvl2.prefab using Guid(65ead04d94056194d871a15a66397d18) Importer(815301076,1909f56bfc062723c751e8b465ee728b)  -> (artifact id: 'ba2962528af6df78d4109a3442ec432d') in 0.073410 seconds 
========================================================================
Received Import Request.
  Time since last request: 0.000034 seconds.
  path: Assets/Models/Buildings/simple_low_poly_village_buildings/models/house_lvl2.prefab
  artifactKey: Guid(ac0b22805df58234496f0937058a3812) Importer(815301076,1909f56bfc062723c751e8b465ee728b)
Start importing Assets/Models/Buildings/simple_low_poly_village_buildings/models/house_lvl2.prefab using Guid(ac0b22805df58234496f0937058a3812) Importer(815301076,1909f56bfc062723c751e8b465ee728b)  -> (artifact id: '42a4ce0338d87a009e994bb796435259') in 0.084594 seconds 
========================================================================
Received Import Request.
  Time since last request: 0.000037 seconds.
  path: Assets/Models/Buildings/simple_low_poly_village_buildings/models/shovel.prefab
  artifactKey: Guid(ac0271417e7765040b946740e0129ad7) Importer(815301076,1909f56bfc062723c751e8b465ee728b)
Start importing Assets/Models/Buildings/simple_low_poly_village_buildings/models/shovel.prefab using Guid(ac0271417e7765040b946740e0129ad7) Importer(815301076,1909f56bfc062723c751e8b465ee728b)  -> (artifact id: 'c7e4dc156b545bad57a64d0ed21be7a5') in 0.149130 seconds 
========================================================================
Received Import Request.
  Time since last request: 0.000031 seconds.
  path: Assets/Models/Buildings/simple_low_poly_village_buildings/models/grass1.prefab
  artifactKey: Guid(6114ef0be58cc8e4aab0b2adb459b092) Importer(815301076,1909f56bfc062723c751e8b465ee728b)
Start importing Assets/Models/Buildings/simple_low_poly_village_buildings/models/grass1.prefab using Guid(6114ef0be58cc8e4aab0b2adb459b092) Importer(815301076,1909f56bfc062723c751e8b465ee728b)  -> (artifact id: '820cef867d59bbecf4cab2aaa13ee8ae') in 0.154142 seconds 
========================================================================
Received Import Request.
  Time since last request: 0.000031 seconds.
  path: Assets/Models/Buildings/simple_low_poly_village_buildings/models/farm_lvl1.prefab
  artifactKey: Guid(8f99e841dd173bf418e8d3d841ec7686) Importer(815301076,1909f56bfc062723c751e8b465ee728b)
Start importing Assets/Models/Buildings/simple_low_poly_village_buildings/models/farm_lvl1.prefab using Guid(8f99e841dd173bf418e8d3d841ec7686) Importer(815301076,1909f56bfc062723c751e8b465ee728b)  -> (artifact id: 'f1e2dcba9059750ded6aa45f403c126c') in 0.049653 seconds 
========================================================================
Received Import Request.
  Time since last request: 0.000107 seconds.
  path: Assets/Models/Buildings/simple_low_poly_village_buildings/models/stone_ring.prefab
  artifactKey: Guid(81ee5a83a36d7424dbcee76f7015f4ab) Importer(815301076,1909f56bfc062723c751e8b465ee728b)
Start importing Assets/Models/Buildings/simple_low_poly_village_buildings/models/stone_ring.prefab using Guid(81ee5a83a36d7424dbcee76f7015f4ab) Importer(815301076,1909f56bfc062723c751e8b465ee728b)  -> (artifact id: '2a8be255acaa5cf237e1e86074bcd17b') in 0.295321 seconds 
========================================================================
Received Import Request.
  Time since last request: 0.000035 seconds.
  path: Assets/Models/Buildings/simple_low_poly_village_buildings/models/bucket.prefab
  artifactKey: Guid(fc6bfcb27fe9f8a418aaa5f607cc7d64) Importer(815301076,1909f56bfc062723c751e8b465ee728b)
Start importing Assets/Models/Buildings/simple_low_poly_village_buildings/models/bucket.prefab using Guid(fc6bfcb27fe9f8a418aaa5f607cc7d64) Importer(815301076,1909f56bfc062723c751e8b465ee728b)  -> (artifact id: '32cf51015bcfdcfe368306ffb9c104c7') in 0.055180 seconds 
========================================================================
Received Import Request.
  Time since last request: 0.000038 seconds.
  path: Assets/Models/Buildings/simple_low_poly_village_buildings/models/farm_lvl5.prefab
  artifactKey: Guid(5526a7870160e19499d29687ae4fb17a) Importer(815301076,1909f56bfc062723c751e8b465ee728b)
Start importing Assets/Models/Buildings/simple_low_poly_village_buildings/models/farm_lvl5.prefab using Guid(5526a7870160e19499d29687ae4fb17a) Importer(815301076,1909f56bfc062723c751e8b465ee728b)  -> (artifact id: '1366c155533fdb272697de828b27ec1f') in 0.142244 seconds 
========================================================================
Received Import Request.
  Time since last request: 0.000026 seconds.
  path: Assets/Models/Buildings/simple_low_poly_village_buildings/models/rock1.prefab
  artifactKey: Guid(edefab1388e20cf4ba93862e3fdf266d) Importer(815301076,1909f56bfc062723c751e8b465ee728b)
Start importing Assets/Models/Buildings/simple_low_poly_village_buildings/models/rock1.prefab using Guid(edefab1388e20cf4ba93862e3fdf266d) Importer(815301076,1909f56bfc062723c751e8b465ee728b)  -> (artifact id: 'f7028f501b2434d88b82282b3b03c305') in 0.134388 seconds 
========================================================================
Received Import Request.
  Time since last request: 0.000048 seconds.
  path: Assets/Models/Buildings/simple_low_poly_village_buildings/models/rock2.prefab
  artifactKey: Guid(e4430ef488b0c654c93c3e7102ddd17f) Importer(815301076,1909f56bfc062723c751e8b465ee728b)
Start importing Assets/Models/Buildings/simple_low_poly_village_buildings/models/rock2.prefab using Guid(e4430ef488b0c654c93c3e7102ddd17f) Importer(815301076,1909f56bfc062723c751e8b465ee728b)  -> (artifact id: '79951a483cee914616f49d9217183a5a') in 0.056104 seconds 
Editor requested this worker to shutdown with reason: Scaling down because of idle timeout
AssetImportWorker is now disconnected from the server
Process exiting
Exiting without the bug reporter. Application will terminate with return code 0